[2025-04-08 00:47:09] VENDA FÁBRICA - ID: 3, Tipo: SEDAN, Cor: Vermelho, Estação: 3, Funcionário: 4, Posição Esteira Fábrica: 0, Loja: 0, Posição Esteira Loja: 0
[2025-04-08 00:47:09] VENDA FÁBRICA - ID: 2, Tipo: SUV, Cor: Azul, Estação: 0, Funcionário: 1, Posição Esteira Fábrica: 1, Loja: 1, Posição Esteira Loja: 0
[2025-04-08 00:47:09] VENDA FÁBRICA - ID: 4, Tipo: SUV, Cor: Verde, Estação: 1, Funcionário: 4, Posição Esteira Fábrica: 2, Loja: 2, Posição Esteira Loja: 0
[2025-04-08 00:47:10] VENDA FÁBRICA - ID: 5, Tipo: SEDAN, Cor: Azul, Estação: 1, Funcionário: 2, Posição Esteira Fábrica: 3, Loja: 0, Posição Esteira Loja: 1
[2025-04-08 00:47:10] VENDA FÁBRICA - ID: 1, Tipo: SEDAN, Cor: Verde, Estação: 0, Funcionário: 4, Posição Esteira Fábrica: 4, Loja: 2, Posição Esteira Loja: 1
[2025-04-08 00:47:10] VENDA FÁBRICA - ID: 8, Tipo: SUV, Cor: Azul, Estação: 2, Funcionário: 3, Posição Esteira Fábrica: 5, Loja: 1, Posição Esteira Loja: 1
[2025-04-08 00:47:10] VENDA FÁBRICA - ID: 6, Tipo: SUV, Cor: Vermelho, Estação: 2, Funcionário: 1, Posição Esteira Fábrica: 6, Loja: 0, Posição Esteira Loja: 2
[2025-04-08 00:47:10] VENDA FÁBRICA - ID: 7, Tipo: SEDAN, Cor: Verde, Estação: 3, Funcionário: 2, Posição Esteira Fábrica: 7, Loja: 2, Posição Esteira Loja: 2
[2025-04-08 00:47:11] VENDA FÁBRICA - ID: 9, Tipo: SEDAN, Cor: Vermelho, Estação: 0, Funcionário: 2, Posição Esteira Fábrica: 8, Loja: 1, Posição Esteira Loja: 2
[2025-04-08 00:47:11] VENDA FÁBRICA - ID: 11, Tipo: SEDAN, Cor: Azul, Estação: 3, Funcionário: 0, Posição Esteira Fábrica: 9, Loja: 0, Posição Esteira Loja: 3
[2025-04-08 00:47:11] VENDA FÁBRICA - ID: 10, Tipo: SUV, Cor: Verde, Estação: 2, Funcionário: 0, Posição Esteira Fábrica: 10, Loja: 2, Posição Esteira Loja: 3
[2025-04-08 00:47:12] VENDA FÁBRICA - ID: 14, Tipo: SUV, Cor: Azul, Estação: 0, Funcionário: 0, Posição Esteira Fábrica: 11, Loja: 0, Posição Esteira Loja: 4
[2025-04-08 00:47:12] VENDA FÁBRICA - ID: 15, Tipo: SEDAN, Cor: Vermelho, Estação: 2, Funcionário: 2, Posição Esteira Fábrica: 12, Loja: 1, Posição Esteira Loja: 3
[2025-04-08 00:47:12] VENDA FÁBRICA - ID: 16, Tipo: SUV, Cor: Verde, Estação: 1, Funcionário: 0, Posição Esteira Fábrica: 13, Loja: 2, Posição Esteira Loja: 4
[2025-04-08 00:47:12] VENDA FÁBRICA - ID: 12, Tipo: SUV, Cor: Vermelho, Estação: 1, Funcionário: 3, Posição Esteira Fábrica: 14, Loja: 0, Posição Esteira Loja: 5
[2025-04-08 00:47:13] VENDA FÁBRICA - ID: 13, Tipo: SEDAN, Cor: Verde, Estação: 3, Funcionário: 3, Posição Esteira Fábrica: 15, Loja: 1, Posição Esteira Loja: 4
[2025-04-08 00:47:13] VENDA FÁBRICA - ID: 17, Tipo: SEDAN, Cor: Azul, Estação: 1, Funcionário: 1, Posição Esteira Fábrica: 16, Loja: 2, Posição Esteira Loja: 5
[2025-04-08 00:47:13] VENDA FÁBRICA - ID: 20, Tipo: SUV, Cor: Azul, Estação: 0, Funcionário: 3, Posição Esteira Fábrica: 17, Loja: 1, Posição Esteira Loja: 5
[2025-04-08 00:47:13] VENDA FÁBRICA - ID: 19, Tipo: SEDAN, Cor: Verde, Estação: 3, Funcionário: 1, Posição Esteira Fábrica: 18, Loja: 0, Posição Esteira Loja: 6
[2025-04-08 00:47:14] VENDA FÁBRICA - ID: 18, Tipo: SUV, Cor: Vermelho, Estação: 2, Funcionário: 4, Posição Esteira Fábrica: 19, Loja: 2, Posição Esteira Loja: 6
[2025-04-08 00:47:14] VENDA FÁBRICA - ID: 21, Tipo: SEDAN, Cor: Vermelho, Estação: 3, Funcionário: 4, Posição Esteira Fábrica: 20, Loja: 1, Posição Esteira Loja: 6
[2025-04-08 00:47:14] VENDA FÁBRICA - ID: 22, Tipo: SUV, Cor: Verde, Estação: 2, Funcionário: 1, Posição Esteira Fábrica: 21, Loja: 0, Posição Esteira Loja: 7
[2025-04-08 00:47:14] VENDA FÁBRICA - ID: 23, Tipo: SEDAN, Cor: Azul, Estação: 1, Funcionário: 4, Posição Esteira Fábrica: 22, Loja: 2, Posição Esteira Loja: 7
[2025-04-08 00:47:15] VENDA FÁBRICA - ID: 24, Tipo: SUV, Cor: Vermelho, Estação: 0, Funcionário: 1, Posição Esteira Fábrica: 23, Loja: 1, Posição Esteira Loja: 7
[2025-04-08 00:47:15] VENDA FÁBRICA - ID: 25, Tipo: SEDAN, Cor: Verde, Estação: 0, Funcionário: 4, Posição Esteira Fábrica: 24, Loja: 0, Posição Esteira Loja: 8
[2025-04-08 00:47:15] VENDA FÁBRICA - ID: 27, Tipo: SEDAN, Cor: Vermelho, Estação: 1, Funcionário: 2, Posição Esteira Fábrica: 25, Loja: 2, Posição Esteira Loja: 8
[2025-04-08 00:47:16] VENDA FÁBRICA - ID: 26, Tipo: SUV, Cor: Azul, Estação: 3, Funcionário: 2, Posição Esteira Fábrica: 26, Loja: 1, Posição Esteira Loja: 8
[2025-04-08 00:47:16] VENDA FÁBRICA - ID: 28, Tipo: SUV, Cor: Verde, Estação: 2, Funcionário: 3, Posição Esteira Fábrica: 27, Loja: 0, Posição Esteira Loja: 9
[2025-04-08 00:47:16] VENDA FÁBRICA - ID: 30, Tipo: SUV, Cor: Vermelho, Estação: 2, Funcionário: 0, Posição Esteira Fábrica: 28, Loja: 2, Posição Esteira Loja: 9
[2025-04-08 00:47:16] VENDA FÁBRICA - ID: 31, Tipo: SEDAN, Cor: Verde, Estação: 1, Funcionário: 0, Posição Esteira Fábrica: 29, Loja: 0, Posição Esteira Loja: 10
[2025-04-08 00:47:17] VENDA FÁBRICA - ID: 29, Tipo: SEDAN, Cor: Azul, Estação: 3, Funcionário: 0, Posição Esteira Fábrica: 30, Loja: 1, Posição Esteira Loja: 9
[2025-04-08 00:47:17] VENDA FÁBRICA - ID: 32, Tipo: SUV, Cor: Azul, Estação: 0, Funcionário: 2, Posição Esteira Fábrica: 31, Loja: 2, Posição Esteira Loja: 10
[2025-04-08 00:47:17] VENDA FÁBRICA - ID: 34, Tipo: SUV, Cor: Verde, Estação: 1, Funcionário: 3, Posição Esteira Fábrica: 32, Loja: 1, Posição Esteira Loja: 10
[2025-04-08 00:47:17] VENDA FÁBRICA - ID: 33, Tipo: SEDAN, Cor: Vermelho, Estação: 0, Funcionário: 0, Posição Esteira Fábrica: 33, Loja: 0, Posição Esteira Loja: 11
[2025-04-08 00:47:18] VENDA FÁBRICA - ID: 35, Tipo: SEDAN, Cor: Azul, Estação: 2, Funcionário: 2, Posição Esteira Fábrica: 34, Loja: 2, Posição Esteira Loja: 11
[2025-04-08 00:47:18] VENDA FÁBRICA - ID: 36, Tipo: SUV, Cor: Vermelho, Estação: 3, Funcionário: 3, Posição Esteira Fábrica: 35, Loja: 1, Posição Esteira Loja: 11
[2025-04-08 00:47:18] VENDA FÁBRICA - ID: 37, Tipo: SEDAN, Cor: Verde, Estação: 3, Funcionário: 1, Posição Esteira Fábrica: 36, Loja: 0, Posição Esteira Loja: 12
[2025-04-08 00:47:18] VENDA FÁBRICA - ID: 39, Tipo: SEDAN, Cor: Vermelho, Estação: 2, Funcionário: 4, Posição Esteira Fábrica: 37, Loja: 2, Posição Esteira Loja: 12
[2025-04-08 00:47:19] VENDA FÁBRICA - ID: 38, Tipo: SUV, Cor: Azul, Estação: 1, Funcionário: 1, Posição Esteira Fábrica: 38, Loja: 1, Posição Esteira Loja: 12
[2025-04-08 00:47:19] VENDA FÁBRICA - ID: 40, Tipo: SUV, Cor: Verde, Estação: 0, Funcionário: 3, Posição Esteira Fábrica: 39, Loja: 0, Posição Esteira Loja: 13
[2025-04-08 00:47:19] VENDA FÁBRICA - ID: 42, Tipo: SUV, Cor: Vermelho, Estação: 0, Funcionário: 1, Posição Esteira Fábrica: 0, Loja: 2, Posição Esteira Loja: 13
[2025-04-08 00:47:19] VENDA FÁBRICA - ID: 41, Tipo: SEDAN, Cor: Azul, Estação: 1, Funcionário: 4, Posição Esteira Fábrica: 1, Loja: 1, Posição Esteira Loja: 13
[2025-04-08 00:47:20] VENDA FÁBRICA - ID: 43, Tipo: SEDAN, Cor: Verde, Estação: 3, Funcionário: 4, Posição Esteira Fábrica: 2, Loja: 0, Posição Esteira Loja: 14
[2025-04-08 00:47:20] VENDA FÁBRICA - ID: 44, Tipo: SUV, Cor: Azul, Estação: 2, Funcionário: 1, Posição Esteira Fábrica: 3, Loja: 2, Posição Esteira Loja: 14
[2025-04-08 00:47:20] VENDA FÁBRICA - ID: 47, Tipo: SEDAN, Cor: Azul, Estação: 1, Funcionário: 2, Posição Esteira Fábrica: 4, Loja: 1, Posição Esteira Loja: 14
[2025-04-08 00:47:21] VENDA FÁBRICA - ID: 46, Tipo: SUV, Cor: Verde, Estação: 3, Funcionário: 2, Posição Esteira Fábrica: 5, Loja: 0, Posição Esteira Loja: 15
[2025-04-08 00:47:21] VENDA FÁBRICA - ID: 45, Tipo: SEDAN, Cor: Vermelho, Estação: 2, Funcionário: 3, Posição Esteira Fábrica: 6, Loja: 2, Posição Esteira Loja: 15
[2025-04-08 00:47:21] VENDA FÁBRICA - ID: 48, Tipo: SUV, Cor: Vermelho, Estação: 0, Funcionário: 4, Posição Esteira Fábrica: 7, Loja: 1, Posição Esteira Loja: 15
[2025-04-08 00:47:21] VENDA FÁBRICA - ID: 49, Tipo: SEDAN, Cor: Verde, Estação: 0, Funcionário: 2, Posição Esteira Fábrica: 8, Loja: 0, Posição Esteira Loja: 16
[2025-04-08 00:47:22] VENDA FÁBRICA - ID: 50, Tipo: SUV, Cor: Azul, Estação: 1, Funcionário: 0, Posição Esteira Fábrica: 9, Loja: 2, Posição Esteira Loja: 16
[2025-04-08 00:47:22] VENDA FÁBRICA - ID: 52, Tipo: SUV, Cor: Verde, Estação: 3, Funcionário: 0, Posição Esteira Fábrica: 10, Loja: 1, Posição Esteira Loja: 16
[2025-04-08 00:47:22] VENDA FÁBRICA - ID: 51, Tipo: SEDAN, Cor: Vermelho, Estação: 2, Funcionário: 0, Posição Esteira Fábrica: 11, Loja: 0, Posição Esteira Loja: 17
[2025-04-08 00:47:22] VENDA FÁBRICA - ID: 53, Tipo: SEDAN, Cor: Azul, Estação: 3, Funcionário: 3, Posição Esteira Fábrica: 12, Loja: 2, Posição Esteira Loja: 17
[2025-04-08 00:47:22] VENDA FÁBRICA - ID: 54, Tipo: SUV, Cor: Vermelho, Estação: 2, Funcionário: 2, Posição Esteira Fábrica: 13, Loja: 1, Posição Esteira Loja: 17
[2025-04-08 00:47:23] VENDA FÁBRICA - ID: 55, Tipo: SEDAN, Cor: Verde, Estação: 1, Funcionário: 3, Posição Esteira Fábrica: 14, Loja: 0, Posição Esteira Loja: 18
[2025-04-08 00:47:23] VENDA FÁBRICA - ID: 56, Tipo: SUV, Cor: Azul, Estação: 0, Funcionário: 0, Posição Esteira Fábrica: 15, Loja: 1, Posição Esteira Loja: 18
[2025-04-08 00:47:23] VENDA FÁBRICA - ID: 57, Tipo: SEDAN, Cor: Vermelho, Estação: 1, Funcionário: 1, Posição Esteira Fábrica: 16, Loja: 2, Posição Esteira Loja: 18
[2025-04-08 00:47:24] VENDA FÁBRICA - ID: 58, Tipo: SUV, Cor: Verde, Estação: 0, Funcionário: 3, Posição Esteira Fábrica: 17, Loja: 0, Posição Esteira Loja: 19
[2025-04-08 00:47:24] VENDA FÁBRICA - ID: 60, Tipo: SUV, Cor: Vermelho, Estação: 2, Funcionário: 4, Posição Esteira Fábrica: 18, Loja: 1, Posição Esteira Loja: 19
[2025-04-08 00:47:24] VENDA FÁBRICA - ID: 59, Tipo: SEDAN, Cor: Azul, Estação: 3, Funcionário: 1, Posição Esteira Fábrica: 19, Loja: 2, Posição Esteira Loja: 19
[2025-04-08 00:47:24] VENDA FÁBRICA - ID: 61, Tipo: SEDAN, Cor: Verde, Estação: 3, Funcionário: 4, Posição Esteira Fábrica: 20, Loja: 0, Posição Esteira Loja: 20
[2025-04-08 00:47:25] VENDA FÁBRICA - ID: 62, Tipo: SUV, Cor: Azul, Estação: 1, Funcionário: 4, Posição Esteira Fábrica: 21, Loja: 1, Posição Esteira Loja: 20
[2025-04-08 00:47:25] VENDA FÁBRICA - ID: 63, Tipo: SEDAN, Cor: Vermelho, Estação: 2, Funcionário: 1, Posição Esteira Fábrica: 22, Loja: 0, Posição Esteira Loja: 21
[2025-04-08 00:47:25] VENDA FÁBRICA - ID: 64, Tipo: SUV, Cor: Verde, Estação: 0, Funcionário: 1, Posição Esteira Fábrica: 23, Loja: 2, Posição Esteira Loja: 20
[2025-04-08 00:47:26] VENDA FÁBRICA - ID: 65, Tipo: SEDAN, Cor: Azul, Estação: 0, Funcionário: 4, Posição Esteira Fábrica: 24, Loja: 1, Posição Esteira Loja: 21
[2025-04-08 00:47:26] VENDA FÁBRICA - ID: 66, Tipo: SUV, Cor: Vermelho, Estação: 1, Funcionário: 2, Posição Esteira Fábrica: 25, Loja: 0, Posição Esteira Loja: 22
[2025-04-08 00:47:26] VENDA FÁBRICA - ID: 67, Tipo: SEDAN, Cor: Verde, Estação: 2, Funcionário: 3, Posição Esteira Fábrica: 26, Loja: 2, Posição Esteira Loja: 21
[2025-04-08 00:47:27] VENDA FÁBRICA - ID: 68, Tipo: SUV, Cor: Azul, Estação: 3, Funcionário: 2, Posição Esteira Fábrica: 27, Loja: 0, Posição Esteira Loja: 23
[2025-04-08 00:47:27] VENDA FÁBRICA - ID: 70, Tipo: SUV, Cor: Verde, Estação: 3, Funcionário: 0, Posição Esteira Fábrica: 28, Loja: 1, Posição Esteira Loja: 22
[2025-04-08 00:47:27] VENDA FÁBRICA - ID: 69, Tipo: SEDAN, Cor: Vermelho, Estação: 1, Funcionário: 0, Posição Esteira Fábrica: 29, Loja: 2, Posição Esteira Loja: 22
[2025-04-08 00:47:27] VENDA FÁBRICA - ID: 72, Tipo: SUV, Cor: Vermelho, Estação: 2, Funcionário: 0, Posição Esteira Fábrica: 30, Loja: 0, Posição Esteira Loja: 24
[2025-04-08 00:47:28] VENDA FÁBRICA - ID: 71, Tipo: SEDAN, Cor: Azul, Estação: 0, Funcionário: 2, Posição Esteira Fábrica: 31, Loja: 2, Posição Esteira Loja: 23
[2025-04-08 00:47:28] VENDA FÁBRICA - ID: 73, Tipo: SEDAN, Cor: Verde, Estação: 1, Funcionário: 3, Posição Esteira Fábrica: 32, Loja: 1, Posição Esteira Loja: 23
[2025-04-08 00:47:28] VENDA FÁBRICA - ID: 74, Tipo: SUV, Cor: Azul, Estação: 2, Funcionário: 2, Posição Esteira Fábrica: 33, Loja: 0, Posição Esteira Loja: 25
[2025-04-08 00:47:28] VENDA FÁBRICA - ID: 75, Tipo: SEDAN, Cor: Vermelho, Estação: 0, Funcionário: 0, Posição Esteira Fábrica: 34, Loja: 2, Posição Esteira Loja: 24
[2025-04-08 00:47:28] VENDA FÁBRICA - ID: 76, Tipo: SUV, Cor: Verde, Estação: 3, Funcionário: 3, Posição Esteira Fábrica: 35, Loja: 1, Posição Esteira Loja: 24
[2025-04-08 00:47:29] VENDA FÁBRICA - ID: 77, Tipo: SEDAN, Cor: Azul, Estação: 1, Funcionário: 1, Posição Esteira Fábrica: 36, Loja: 0, Posição Esteira Loja: 26
[2025-04-08 00:47:29] VENDA FÁBRICA - ID: 78, Tipo: SUV, Cor: Vermelho, Estação: 3, Funcionário: 1, Posição Esteira Fábrica: 37, Loja: 2, Posição Esteira Loja: 25
[2025-04-08 00:47:29] VENDA FÁBRICA - ID: 80, Tipo: SUV, Cor: Azul, Estação: 0, Funcionário: 3, Posição Esteira Fábrica: 38, Loja: 1, Posição Esteira Loja: 25
[2025-04-08 00:47:30] VENDA FÁBRICA - ID: 79, Tipo: SEDAN, Cor: Verde, Estação: 2, Funcionário: 4, Posição Esteira Fábrica: 39, Loja: 2, Posição Esteira Loja: 26
[2025-04-08 00:47:30] VENDA FÁBRICA - ID: 82, Tipo: SUV, Cor: Verde, Estação: 1, Funcionário: 4, Posição Esteira Fábrica: 0, Loja: 0, Posição Esteira Loja: 27
[2025-04-08 00:47:30] VENDA FÁBRICA - ID: 81, Tipo: SEDAN, Cor: Vermelho, Estação: 0, Funcionário: 1, Posição Esteira Fábrica: 1, Loja: 1, Posição Esteira Loja: 26
[2025-04-08 00:47:30] VENDA FÁBRICA - ID: 83, Tipo: SEDAN, Cor: Azul, Estação: 2, Funcionário: 1, Posição Esteira Fábrica: 2, Loja: 0, Posição Esteira Loja: 28
[2025-04-08 00:47:30] VENDA FÁBRICA - ID: 84, Tipo: SUV, Cor: Vermelho, Estação: 3, Funcionário: 4, Posição Esteira Fábrica: 3, Loja: 2, Posição Esteira Loja: 27
[2025-04-08 00:47:31] VENDA FÁBRICA - ID: 85, Tipo: SEDAN, Cor: Verde, Estação: 3, Funcionário: 2, Posição Esteira Fábrica: 4, Loja: 1, Posição Esteira Loja: 27
[2025-04-08 00:47:31] VENDA FÁBRICA - ID: 86, Tipo: SUV, Cor: Azul, Estação: 1, Funcionário: 2, Posição Esteira Fábrica: 5, Loja: 0, Posição Esteira Loja: 29
[2025-04-08 00:47:31] VENDA FÁBRICA - ID: 87, Tipo: SEDAN, Cor: Vermelho, Estação: 2, Funcionário: 3, Posição Esteira Fábrica: 6, Loja: 2, Posição Esteira Loja: 28
[2025-04-08 00:47:32] VENDA FÁBRICA - ID: 88, Tipo: SUV, Cor: Verde, Estação: 0, Funcionário: 4, Posição Esteira Fábrica: 7, Loja: 1, Posição Esteira Loja: 28
[2025-04-08 00:47:32] VENDA FÁBRICA - ID: 90, Tipo: SUV, Cor: Vermelho, Estação: 1, Funcionário: 0, Posição Esteira Fábrica: 8, Loja: 0, Posição Esteira Loja: 30
[2025-04-08 00:47:32] VENDA FÁBRICA - ID: 89, Tipo: SEDAN, Cor: Azul, Estação: 0, Funcionário: 2, Posição Esteira Fábrica: 9, Loja: 2, Posição Esteira Loja: 29
[2025-04-08 00:47:32] VENDA FÁBRICA - ID: 91, Tipo: SEDAN, Cor: Verde, Estação: 2, Funcionário: 0, Posição Esteira Fábrica: 10, Loja: 1, Posição Esteira Loja: 29
[2025-04-08 00:47:32] VENDA FÁBRICA - ID: 92, Tipo: SUV, Cor: Azul, Estação: 3, Funcionário: 0, Posição Esteira Fábrica: 11, Loja: 0, Posição Esteira Loja: 31
[2025-04-08 00:47:33] VENDA FÁBRICA - ID: 94, Tipo: SUV, Cor: Verde, Estação: 1, Funcionário: 3, Posição Esteira Fábrica: 12, Loja: 2, Posição Esteira Loja: 30
[2025-04-08 00:47:33] VENDA FÁBRICA - ID: 93, Tipo: SEDAN, Cor: Vermelho, Estação: 3, Funcionário: 3, Posição Esteira Fábrica: 13, Loja: 0, Posição Esteira Loja: 32
[2025-04-08 00:47:33] VENDA FÁBRICA - ID: 95, Tipo: SEDAN, Cor: Azul, Estação: 2, Funcionário: 2, Posição Esteira Fábrica: 14, Loja: 1, Posição Esteira Loja: 30
[2025-04-08 00:47:33] VENDA FÁBRICA - ID: 96, Tipo: SUV, Cor: Vermelho, Estação: 0, Funcionário: 0, Posição Esteira Fábrica: 15, Loja: 2, Posição Esteira Loja: 31
[2025-04-08 00:47:34] VENDA FÁBRICA - ID: 97, Tipo: SEDAN, Cor: Verde, Estação: 1, Funcionário: 1, Posição Esteira Fábrica: 16, Loja: 0, Posição Esteira Loja: 33
[2025-04-08 00:47:34] VENDA FÁBRICA - ID: 98, Tipo: SUV, Cor: Azul, Estação: 0, Funcionário: 3, Posição Esteira Fábrica: 17, Loja: 2, Posição Esteira Loja: 32
[2025-04-08 00:47:34] VENDA FÁBRICA - ID: 99, Tipo: SEDAN, Cor: Vermelho, Estação: 2, Funcionário: 4, Posição Esteira Fábrica: 18, Loja: 1, Posição Esteira Loja: 31
[2025-04-08 00:47:35] VENDA FÁBRICA - ID: 100, Tipo: SUV, Cor: Verde, Estação: 3, Funcionário: 1, Posição Esteira Fábrica: 19, Loja: 0, Posição Esteira Loja: 34
[2025-04-08 00:47:35] VENDA FÁBRICA - ID: 101, Tipo: SEDAN, Cor: Azul, Estação: 1, Funcionário: 4, Posição Esteira Fábrica: 20, Loja: 2, Posição Esteira Loja: 33
[2025-04-08 00:47:35] VENDA FÁBRICA - ID: 102, Tipo: SUV, Cor: Vermelho, Estação: 3, Funcionário: 4, Posição Esteira Fábrica: 21, Loja: 1, Posição Esteira Loja: 32
[2025-04-08 00:47:35] VENDA FÁBRICA - ID: 103, Tipo: SEDAN, Cor: Verde, Estação: 2, Funcionário: 1, Posição Esteira Fábrica: 22, Loja: 0, Posição Esteira Loja: 35
[2025-04-08 00:47:36] VENDA FÁBRICA - ID: 104, Tipo: SUV, Cor: Azul, Estação: 0, Funcionário: 1, Posição Esteira Fábrica: 23, Loja: 1, Posição Esteira Loja: 33
[2025-04-08 00:47:36] VENDA FÁBRICA - ID: 105, Tipo: SEDAN, Cor: Vermelho, Estação: 1, Funcionário: 2, Posição Esteira Fábrica: 24, Loja: 2, Posição Esteira Loja: 34
[2025-04-08 00:47:36] VENDA FÁBRICA - ID: 106, Tipo: SUV, Cor: Verde, Estação: 0, Funcionário: 4, Posição Esteira Fábrica: 25, Loja: 0, Posição Esteira Loja: 36
[2025-04-08 00:47:36] VENDA FÁBRICA - ID: 107, Tipo: SEDAN, Cor: Azul, Estação: 2, Funcionário: 3, Posição Esteira Fábrica: 26, Loja: 1, Posição Esteira Loja: 34
[2025-04-08 00:47:37] VENDA FÁBRICA - ID: 108, Tipo: SUV, Cor: Vermelho, Estação: 3, Funcionário: 2, Posição Esteira Fábrica: 27, Loja: 2, Posição Esteira Loja: 35
[2025-04-08 00:47:37] VENDA FÁBRICA - ID: 109, Tipo: SEDAN, Cor: Verde, Estação: 1, Funcionário: 0, Posição Esteira Fábrica: 28, Loja: 0, Posição Esteira Loja: 37
[2025-04-08 00:47:37] VENDA FÁBRICA - ID: 110, Tipo: SUV, Cor: Azul, Estação: 3, Funcionário: 0, Posição Esteira Fábrica: 29, Loja: 1, Posição Esteira Loja: 35
[2025-04-08 00:47:37] VENDA FÁBRICA - ID: 111, Tipo: SEDAN, Cor: Vermelho, Estação: 2, Funcionário: 0, Posição Esteira Fábrica: 30, Loja: 2, Posição Esteira Loja: 36
[2025-04-08 00:47:37] VENDA FÁBRICA - ID: 112, Tipo: SUV, Cor: Verde, Estação: 0, Funcionário: 2, Posição Esteira Fábrica: 31, Loja: 0, Posição Esteira Loja: 38
[2025-04-08 00:47:38] VENDA FÁBRICA - ID: 113, Tipo: SEDAN, Cor: Azul, Estação: 1, Funcionário: 3, Posição Esteira Fábrica: 32, Loja: 1, Posição Esteira Loja: 36
[2025-04-08 00:47:38] VENDA FÁBRICA - ID: 114, Tipo: SUV, Cor: Vermelho, Estação: 0, Funcionário: 0, Posição Esteira Fábrica: 33, Loja: 0, Posição Esteira Loja: 39
[2025-04-08 00:47:38] VENDA FÁBRICA - ID: 115, Tipo: SEDAN, Cor: Verde, Estação: 2, Funcionário: 2, Posição Esteira Fábrica: 34, Loja: 2, Posição Esteira Loja: 37
[2025-04-08 00:47:38] VENDA FÁBRICA - ID: 116, Tipo: SUV, Cor: Azul, Estação: 3, Funcionário: 3, Posição Esteira Fábrica: 35, Loja: 1, Posição Esteira Loja: 37
[2025-04-08 00:47:39] VENDA FÁBRICA - ID: 117, Tipo: SEDAN, Cor: Vermelho, Estação: 1, Funcionário: 1, Posição Esteira Fábrica: 36, Loja: 0, Posição Esteira Loja: 0
[2025-04-08 00:47:39] VENDA FÁBRICA - ID: 118, Tipo: SUV, Cor: Verde, Estação: 3, Funcionário: 1, Posição Esteira Fábrica: 37, Loja: 2, Posição Esteira Loja: 38
[2025-04-08 00:47:39] VENDA FÁBRICA - ID: 119, Tipo: SEDAN, Cor: Azul, Estação: 2, Funcionário: 4, Posição Esteira Fábrica: 38, Loja: 1, Posição Esteira Loja: 38
[2025-04-08 00:47:40] VENDA FÁBRICA - ID: 120, Tipo: SUV, Cor: Vermelho, Estação: 0, Funcionário: 3, Posição Esteira Fábrica: 39, Loja: 0, Posição Esteira Loja: 1
[2025-04-08 00:47:40] VENDA FÁBRICA - ID: 121, Tipo: SEDAN, Cor: Verde, Estação: 1, Funcionário: 4, Posição Esteira Fábrica: 0, Loja: 1, Posição Esteira Loja: 39
[2025-04-08 00:47:40] VENDA FÁBRICA - ID: 123, Tipo: SEDAN, Cor: Vermelho, Estação: 2, Funcionário: 1, Posição Esteira Fábrica: 1, Loja: 2, Posição Esteira Loja: 39
[2025-04-08 00:47:41] VENDA FÁBRICA - ID: 122, Tipo: SUV, Cor: Azul, Estação: 0, Funcionário: 1, Posição Esteira Fábrica: 2, Loja: 0, Posição Esteira Loja: 2
[2025-04-08 00:47:41] VENDA FÁBRICA - ID: 124, Tipo: SUV, Cor: Verde, Estação: 3, Funcionário: 4, Posição Esteira Fábrica: 3, Loja: 2, Posição Esteira Loja: 0
[2025-04-08 00:47:41] VENDA FÁBRICA - ID: 125, Tipo: SEDAN, Cor: Azul, Estação: 1, Funcionário: 2, Posição Esteira Fábrica: 4, Loja: 1, Posição Esteira Loja: 0
[2025-04-08 00:47:41] VENDA FÁBRICA - ID: 126, Tipo: SUV, Cor: Vermelho, Estação: 3, Funcionário: 2, Posição Esteira Fábrica: 5, Loja: 0, Posição Esteira Loja: 3
[2025-04-08 00:47:42] VENDA FÁBRICA - ID: 127, Tipo: SEDAN, Cor: Verde, Estação: 0, Funcionário: 4, Posição Esteira Fábrica: 6, Loja: 2, Posição Esteira Loja: 1
[2025-04-08 00:47:42] VENDA FÁBRICA - ID: 128, Tipo: SUV, Cor: Azul, Estação: 2, Funcionário: 3, Posição Esteira Fábrica: 7, Loja: 1, Posição Esteira Loja: 1
[2025-04-08 00:47:42] VENDA FÁBRICA - ID: 129, Tipo: SEDAN, Cor: Vermelho, Estação: 1, Funcionário: 0, Posição Esteira Fábrica: 8, Loja: 0, Posição Esteira Loja: 4
[2025-04-08 00:47:42] VENDA FÁBRICA - ID: 130, Tipo: SUV, Cor: Verde, Estação: 0, Funcionário: 2, Posição Esteira Fábrica: 9, Loja: 1, Posição Esteira Loja: 2
[2025-04-08 00:47:42] VENDA FÁBRICA - ID: 131, Tipo: SEDAN, Cor: Azul, Estação: 2, Funcionário: 0, Posição Esteira Fábrica: 10, Loja: 2, Posição Esteira Loja: 2
[2025-04-08 00:47:43] VENDA FÁBRICA - ID: 132, Tipo: SUV, Cor: Vermelho, Estação: 3, Funcionário: 0, Posição Esteira Fábrica: 11, Loja: 0, Posição Esteira Loja: 5
[2025-04-08 00:47:43] VENDA FÁBRICA - ID: 133, Tipo: SEDAN, Cor: Verde, Estação: 1, Funcionário: 3, Posição Esteira Fábrica: 12, Loja: 1, Posição Esteira Loja: 3
[2025-04-08 00:47:43] VENDA FÁBRICA - ID: 134, Tipo: SUV, Cor: Azul, Estação: 3, Funcionário: 3, Posição Esteira Fábrica: 13, Loja: 2, Posição Esteira Loja: 3
[2025-04-08 00:47:44] VENDA FÁBRICA - ID: 136, Tipo: SUV, Cor: Verde, Estação: 2, Funcionário: 2, Posição Esteira Fábrica: 14, Loja: 1, Posição Esteira Loja: 4
[2025-04-08 00:47:44] VENDA FÁBRICA - ID: 135, Tipo: SEDAN, Cor: Vermelho, Estação: 0, Funcionário: 0, Posição Esteira Fábrica: 15, Loja: 0, Posição Esteira Loja: 6
[2025-04-08 00:47:44] VENDA FÁBRICA - ID: 137, Tipo: SEDAN, Cor: Azul, Estação: 1, Funcionário: 1, Posição Esteira Fábrica: 16, Loja: 2, Posição Esteira Loja: 4
[2025-04-08 00:47:44] VENDA FÁBRICA - ID: 138, Tipo: SUV, Cor: Vermelho, Estação: 0, Funcionário: 3, Posição Esteira Fábrica: 17, Loja: 1, Posição Esteira Loja: 5
[2025-04-08 00:47:44] VENDA FÁBRICA - ID: 139, Tipo: SEDAN, Cor: Verde, Estação: 2, Funcionário: 4, Posição Esteira Fábrica: 18, Loja: 0, Posição Esteira Loja: 7
[2025-04-08 00:47:45] VENDA FÁBRICA - ID: 140, Tipo: SUV, Cor: Azul, Estação: 3, Funcionário: 1, Posição Esteira Fábrica: 19, Loja: 2, Posição Esteira Loja: 5
[2025-04-08 00:47:45] VENDA FÁBRICA - ID: 141, Tipo: SEDAN, Cor: Vermelho, Estação: 1, Funcionário: 4, Posição Esteira Fábrica: 20, Loja: 0, Posição Esteira Loja: 8
[2025-04-08 00:47:45] VENDA FÁBRICA - ID: 142, Tipo: SUV, Cor: Verde, Estação: 3, Funcionário: 4, Posição Esteira Fábrica: 21, Loja: 1, Posição Esteira Loja: 6
[2025-04-08 00:47:46] VENDA FÁBRICA - ID: 143, Tipo: SEDAN, Cor: Azul, Estação: 2, Funcionário: 1, Posição Esteira Fábrica: 22, Loja: 2, Posição Esteira Loja: 6
[2025-04-08 00:47:46] VENDA FÁBRICA - ID: 144, Tipo: SUV, Cor: Vermelho, Estação: 0, Funcionário: 1, Posição Esteira Fábrica: 23, Loja: 0, Posição Esteira Loja: 9
[2025-04-08 00:47:46] VENDA FÁBRICA - ID: 145, Tipo: SEDAN, Cor: Verde, Estação: 1, Funcionário: 2, Posição Esteira Fábrica: 24, Loja: 1, Posição Esteira Loja: 7
[2025-04-08 00:47:47] VENDA FÁBRICA - ID: 146, Tipo: SUV, Cor: Azul, Estação: 0, Funcionário: 4, Posição Esteira Fábrica: 25, Loja: 2, Posição Esteira Loja: 7
[2025-04-08 00:47:47] VENDA FÁBRICA - ID: 147, Tipo: SEDAN, Cor: Vermelho, Estação: 2, Funcionário: 3, Posição Esteira Fábrica: 26, Loja: 0, Posição Esteira Loja: 10
[2025-04-08 00:47:47] VENDA FÁBRICA - ID: 148, Tipo: SUV, Cor: Verde, Estação: 3, Funcionário: 2, Posição Esteira Fábrica: 27, Loja: 1, Posição Esteira Loja: 8
[2025-04-08 00:47:47] VENDA FÁBRICA - ID: 149, Tipo: SEDAN, Cor: Azul, Estação: 1, Funcionário: 0, Posição Esteira Fábrica: 28, Loja: 2, Posição Esteira Loja: 8
[2025-04-08 00:47:48] VENDA FÁBRICA - ID: 150, Tipo: SUV, Cor: Vermelho, Estação: 3, Funcionário: 0, Posição Esteira Fábrica: 29, Loja: 0, Posição Esteira Loja: 11
[2025-04-08 00:47:48] VENDA FÁBRICA - ID: 151, Tipo: SEDAN, Cor: Verde, Estação: 0, Funcionário: 2, Posição Esteira Fábrica: 30, Loja: 1, Posição Esteira Loja: 9
[2025-04-08 00:47:48] VENDA FÁBRICA - ID: 152, Tipo: SUV, Cor: Azul, Estação: 2, Funcionário: 0, Posição Esteira Fábrica: 31, Loja: 2, Posição Esteira Loja: 9
[2025-04-08 00:47:48] VENDA FÁBRICA - ID: 153, Tipo: SEDAN, Cor: Vermelho, Estação: 1, Funcionário: 3, Posição Esteira Fábrica: 32, Loja: 0, Posição Esteira Loja: 12
[2025-04-08 00:47:49] VENDA FÁBRICA - ID: 154, Tipo: SUV, Cor: Verde, Estação: 0, Funcionário: 0, Posição Esteira Fábrica: 33, Loja: 2, Posição Esteira Loja: 10
[2025-04-08 00:47:49] VENDA FÁBRICA - ID: 155, Tipo: SEDAN, Cor: Azul, Estação: 2, Funcionário: 2, Posição Esteira Fábrica: 34, Loja: 1, Posição Esteira Loja: 10
[2025-04-08 00:47:49] VENDA FÁBRICA - ID: 156, Tipo: SUV, Cor: Vermelho, Estação: 3, Funcionário: 3, Posição Esteira Fábrica: 35, Loja: 0, Posição Esteira Loja: 13
[2025-04-08 00:47:49] VENDA FÁBRICA - ID: 157, Tipo: SEDAN, Cor: Verde, Estação: 1, Funcionário: 1, Posição Esteira Fábrica: 36, Loja: 1, Posição Esteira Loja: 11
[2025-04-08 00:47:50] VENDA FÁBRICA - ID: 158, Tipo: SUV, Cor: Azul, Estação: 3, Funcionário: 1, Posição Esteira Fábrica: 37, Loja: 0, Posição Esteira Loja: 14
[2025-04-08 00:47:50] VENDA FÁBRICA - ID: 159, Tipo: SEDAN, Cor: Vermelho, Estação: 2, Funcionário: 4, Posição Esteira Fábrica: 38, Loja: 2, Posição Esteira Loja: 11
[2025-04-08 00:47:50] VENDA FÁBRICA - ID: 160, Tipo: SUV, Cor: Verde, Estação: 0, Funcionário: 3, Posição Esteira Fábrica: 39, Loja: 1, Posição Esteira Loja: 12
[2025-04-08 00:47:50] VENDA FÁBRICA - ID: 161, Tipo: SEDAN, Cor: Azul, Estação: 1, Funcionário: 4, Posição Esteira Fábrica: 0, Loja: 0, Posição Esteira Loja: 15
[2025-04-08 00:47:50] VENDA FÁBRICA - ID: 163, Tipo: SEDAN, Cor: Verde, Estação: 2, Funcionário: 1, Posição Esteira Fábrica: 1, Loja: 2, Posição Esteira Loja: 12
[2025-04-08 00:47:51] VENDA FÁBRICA - ID: 162, Tipo: SUV, Cor: Vermelho, Estação: 0, Funcionário: 1, Posição Esteira Fábrica: 2, Loja: 1, Posição Esteira Loja: 13
[2025-04-08 00:47:51] VENDA FÁBRICA - ID: 164, Tipo: SUV, Cor: Azul, Estação: 3, Funcionário: 4, Posição Esteira Fábrica: 3, Loja: 0, Posição Esteira Loja: 16
[2025-04-08 00:47:51] VENDA FÁBRICA - ID: 165, Tipo: SEDAN, Cor: Vermelho, Estação: 1, Funcionário: 2, Posição Esteira Fábrica: 4, Loja: 2, Posição Esteira Loja: 13
[2025-04-08 00:47:51] VENDA FÁBRICA - ID: 166, Tipo: SUV, Cor: Verde, Estação: 3, Funcionário: 2, Posição Esteira Fábrica: 5, Loja: 1, Posição Esteira Loja: 14
[2025-04-08 00:47:52] VENDA FÁBRICA - ID: 167, Tipo: SEDAN, Cor: Azul, Estação: 2, Funcionário: 3, Posição Esteira Fábrica: 6, Loja: 1, Posição Esteira Loja: 15
[2025-04-08 00:47:52] VENDA FÁBRICA - ID: 168, Tipo: SUV, Cor: Vermelho, Estação: 0, Funcionário: 4, Posição Esteira Fábrica: 7, Loja: 0, Posição Esteira Loja: 17
[2025-04-08 00:47:52] VENDA FÁBRICA - ID: 169, Tipo: SEDAN, Cor: Verde, Estação: 1, Funcionário: 0, Posição Esteira Fábrica: 8, Loja: 2, Posição Esteira Loja: 14
[2025-04-08 00:47:53] VENDA FÁBRICA - ID: 170, Tipo: SUV, Cor: Azul, Estação: 0, Funcionário: 2, Posição Esteira Fábrica: 9, Loja: 0, Posição Esteira Loja: 18
[2025-04-08 00:47:53] VENDA FÁBRICA - ID: 171, Tipo: SEDAN, Cor: Vermelho, Estação: 2, Funcionário: 0, Posição Esteira Fábrica: 10, Loja: 1, Posição Esteira Loja: 16
[2025-04-08 00:47:53] VENDA FÁBRICA - ID: 172, Tipo: SUV, Cor: Verde, Estação: 3, Funcionário: 0, Posição Esteira Fábrica: 11, Loja: 2, Posição Esteira Loja: 15
[2025-04-08 00:47:53] VENDA FÁBRICA - ID: 173, Tipo: SEDAN, Cor: Azul, Estação: 1, Funcionário: 3, Posição Esteira Fábrica: 12, Loja: 0, Posição Esteira Loja: 19
[2025-04-08 00:47:53] VENDA FÁBRICA - ID: 174, Tipo: SUV, Cor: Vermelho, Estação: 3, Funcionário: 3, Posição Esteira Fábrica: 13, Loja: 1, Posição Esteira Loja: 17
[2025-04-08 00:47:54] VENDA FÁBRICA - ID: 175, Tipo: SEDAN, Cor: Verde, Estação: 2, Funcionário: 2, Posição Esteira Fábrica: 14, Loja: 2, Posição Esteira Loja: 16
[2025-04-08 00:47:54] VENDA FÁBRICA - ID: 176, Tipo: SUV, Cor: Azul, Estação: 0, Funcionário: 0, Posição Esteira Fábrica: 15, Loja: 1, Posição Esteira Loja: 18
[2025-04-08 00:47:54] VENDA FÁBRICA - ID: 177, Tipo: SEDAN, Cor: Vermelho, Estação: 1, Funcionário: 1, Posição Esteira Fábrica: 16, Loja: 0, Posição Esteira Loja: 20
[2025-04-08 00:47:54] VENDA FÁBRICA - ID: 179, Tipo: SEDAN, Cor: Azul, Estação: 2, Funcionário: 4, Posição Esteira Fábrica: 17, Loja: 2, Posição Esteira Loja: 17
[2025-04-08 00:47:55] VENDA FÁBRICA - ID: 178, Tipo: SUV, Cor: Verde, Estação: 0, Funcionário: 3, Posição Esteira Fábrica: 18, Loja: 0, Posição Esteira Loja: 21
[2025-04-08 00:47:55] VENDA FÁBRICA - ID: 180, Tipo: SUV, Cor: Vermelho, Estação: 3, Funcionário: 1, Posição Esteira Fábrica: 19, Loja: 1, Posição Esteira Loja: 19
[2025-04-08 00:47:55] VENDA FÁBRICA - ID: 181, Tipo: SEDAN, Cor: Verde, Estação: 1, Funcionário: 4, Posição Esteira Fábrica: 20, Loja: 2, Posição Esteira Loja: 18
[2025-04-08 00:47:55] VENDA FÁBRICA - ID: 182, Tipo: SUV, Cor: Azul, Estação: 3, Funcionário: 4, Posição Esteira Fábrica: 21, Loja: 1, Posição Esteira Loja: 20
[2025-04-08 00:47:55] VENDA FÁBRICA - ID: 183, Tipo: SEDAN, Cor: Vermelho, Estação: 2, Funcionário: 1, Posição Esteira Fábrica: 22, Loja: 0, Posição Esteira Loja: 22
[2025-04-08 00:47:56] VENDA FÁBRICA - ID: 184, Tipo: SUV, Cor: Verde, Estação: 0, Funcionário: 1, Posição Esteira Fábrica: 23, Loja: 2, Posição Esteira Loja: 19
[2025-04-08 00:47:56] VENDA FÁBRICA - ID: 185, Tipo: SEDAN, Cor: Azul, Estação: 1, Funcionário: 2, Posição Esteira Fábrica: 24, Loja: 0, Posição Esteira Loja: 23
[2025-04-08 00:47:56] VENDA FÁBRICA - ID: 187, Tipo: SEDAN, Cor: Verde, Estação: 2, Funcionário: 3, Posição Esteira Fábrica: 25, Loja: 1, Posição Esteira Loja: 21
[2025-04-08 00:47:56] VENDA FÁBRICA - ID: 186, Tipo: SUV, Cor: Vermelho, Estação: 0, Funcionário: 4, Posição Esteira Fábrica: 26, Loja: 2, Posição Esteira Loja: 20
[2025-04-08 00:47:57] VENDA FÁBRICA - ID: 188, Tipo: SUV, Cor: Azul, Estação: 3, Funcionário: 2, Posição Esteira Fábrica: 27, Loja: 0, Posição Esteira Loja: 24
[2025-04-08 00:47:57] VENDA FÁBRICA - ID: 189, Tipo: SEDAN, Cor: Vermelho, Estação: 1, Funcionário: 0, Posição Esteira Fábrica: 28, Loja: 1, Posição Esteira Loja: 22
[2025-04-08 00:47:57] VENDA FÁBRICA - ID: 190, Tipo: SUV, Cor: Verde, Estação: 3, Funcionário: 0, Posição Esteira Fábrica: 29, Loja: 2, Posição Esteira Loja: 21
[2025-04-08 00:47:58] VENDA FÁBRICA - ID: 191, Tipo: SEDAN, Cor: Azul, Estação: 2, Funcionário: 0, Posição Esteira Fábrica: 30, Loja: 0, Posição Esteira Loja: 25
[2025-04-08 00:47:58] VENDA FÁBRICA - ID: 192, Tipo: SUV, Cor: Vermelho, Estação: 0, Funcionário: 2, Posição Esteira Fábrica: 31, Loja: 1, Posição Esteira Loja: 23
[2025-04-08 00:47:58] VENDA FÁBRICA - ID: 193, Tipo: SEDAN, Cor: Verde, Estação: 1, Funcionário: 3, Posição Esteira Fábrica: 32, Loja: 2, Posição Esteira Loja: 22
[2025-04-08 00:47:58] VENDA FÁBRICA - ID: 194, Tipo: SUV, Cor: Azul, Estação: 0, Funcionário: 0, Posição Esteira Fábrica: 33, Loja: 1, Posição Esteira Loja: 24
[2025-04-08 00:47:58] VENDA FÁBRICA - ID: 195, Tipo: SEDAN, Cor: Vermelho, Estação: 2, Funcionário: 2, Posição Esteira Fábrica: 34, Loja: 0, Posição Esteira Loja: 26
[2025-04-08 00:47:59] VENDA FÁBRICA - ID: 196, Tipo: SUV, Cor: Verde, Estação: 3, Funcionário: 3, Posição Esteira Fábrica: 35, Loja: 2, Posição Esteira Loja: 23
[2025-04-08 00:47:59] VENDA FÁBRICA - ID: 197, Tipo: SEDAN, Cor: Azul, Estação: 1, Funcionário: 1, Posição Esteira Fábrica: 36, Loja: 1, Posição Esteira Loja: 25
[2025-04-08 00:47:59] VENDA FÁBRICA - ID: 198, Tipo: SUV, Cor: Vermelho, Estação: 3, Funcionário: 1, Posição Esteira Fábrica: 37, Loja: 2, Posição Esteira Loja: 24
[2025-04-08 00:47:59] VENDA FÁBRICA - ID: 199, Tipo: SEDAN, Cor: Verde, Estação: 2, Funcionário: 4, Posição Esteira Fábrica: 38, Loja: 0, Posição Esteira Loja: 27
[2025-04-08 00:48:00] VENDA FÁBRICA - ID: 200, Tipo: SUV, Cor: Azul, Estação: 0, Funcionário: 3, Posição Esteira Fábrica: 39, Loja: 1, Posição Esteira Loja: 26
[2025-04-08 00:48:00] VENDA FÁBRICA - ID: 201, Tipo: SEDAN, Cor: Vermelho, Estação: 1, Funcionário: 4, Posição Esteira Fábrica: 0, Loja: 2, Posição Esteira Loja: 25
[2025-04-08 00:48:00] VENDA FÁBRICA - ID: 204, Tipo: SUV, Cor: Vermelho, Estação: 2, Funcionário: 1, Posição Esteira Fábrica: 1, Loja: 0, Posição Esteira Loja: 28
[2025-04-08 00:48:01] VENDA FÁBRICA - ID: 202, Tipo: SUV, Cor: Verde, Estação: 3, Funcionário: 4, Posição Esteira Fábrica: 2, Loja: 0, Posição Esteira Loja: 29
[2025-04-08 00:48:01] VENDA FÁBRICA - ID: 203, Tipo: SEDAN, Cor: Azul, Estação: 0, Funcionário: 1, Posição Esteira Fábrica: 3, Loja: 1, Posição Esteira Loja: 27
[2025-04-08 00:48:01] VENDA FÁBRICA - ID: 205, Tipo: SEDAN, Cor: Verde, Estação: 1, Funcionário: 2, Posição Esteira Fábrica: 4, Loja: 2, Posição Esteira Loja: 26
[2025-04-08 00:48:01] VENDA FÁBRICA - ID: 206, Tipo: SUV, Cor: Azul, Estação: 3, Funcionário: 2, Posição Esteira Fábrica: 5, Loja: 0, Posição Esteira Loja: 30
[2025-04-08 00:48:02] VENDA FÁBRICA - ID: 207, Tipo: SEDAN, Cor: Vermelho, Estação: 2, Funcionário: 3, Posição Esteira Fábrica: 6, Loja: 2, Posição Esteira Loja: 27
[2025-04-08 00:48:02] VENDA FÁBRICA - ID: 208, Tipo: SUV, Cor: Verde, Estação: 0, Funcionário: 4, Posição Esteira Fábrica: 7, Loja: 1, Posição Esteira Loja: 28
[2025-04-08 00:48:02] VENDA FÁBRICA - ID: 209, Tipo: SEDAN, Cor: Azul, Estação: 1, Funcionário: 0, Posição Esteira Fábrica: 8, Loja: 2, Posição Esteira Loja: 28
[2025-04-08 00:48:02] VENDA FÁBRICA - ID: 211, Tipo: SEDAN, Cor: Verde, Estação: 3, Funcionário: 0, Posição Esteira Fábrica: 9, Loja: 0, Posição Esteira Loja: 31
[2025-04-08 00:48:02] VENDA FÁBRICA - ID: 210, Tipo: SUV, Cor: Vermelho, Estação: 2, Funcionário: 0, Posição Esteira Fábrica: 10, Loja: 1, Posição Esteira Loja: 29
[2025-04-08 00:48:03] VENDA FÁBRICA - ID: 212, Tipo: SUV, Cor: Azul, Estação: 0, Funcionário: 2, Posição Esteira Fábrica: 11, Loja: 0, Posição Esteira Loja: 32
[2025-04-08 00:48:03] VENDA FÁBRICA - ID: 213, Tipo: SEDAN, Cor: Vermelho, Estação: 1, Funcionário: 3, Posição Esteira Fábrica: 12, Loja: 1, Posição Esteira Loja: 30
[2025-04-08 00:48:03] VENDA FÁBRICA - ID: 214, Tipo: SUV, Cor: Verde, Estação: 3, Funcionário: 3, Posição Esteira Fábrica: 13, Loja: 2, Posição Esteira Loja: 29
[2025-04-08 00:48:03] VENDA FÁBRICA - ID: 215, Tipo: SEDAN, Cor: Azul, Estação: 2, Funcionário: 2, Posição Esteira Fábrica: 14, Loja: 0, Posição Esteira Loja: 33
[2025-04-08 00:48:04] VENDA FÁBRICA - ID: 216, Tipo: SUV, Cor: Vermelho, Estação: 0, Funcionário: 0, Posição Esteira Fábrica: 15, Loja: 1, Posição Esteira Loja: 31
[2025-04-08 00:48:04] VENDA FÁBRICA - ID: 217, Tipo: SEDAN, Cor: Verde, Estação: 1, Funcionário: 1, Posição Esteira Fábrica: 16, Loja: 2, Posição Esteira Loja: 30
[2025-04-08 00:48:04] VENDA FÁBRICA - ID: 218, Tipo: SUV, Cor: Azul, Estação: 2, Funcionário: 4, Posição Esteira Fábrica: 17, Loja: 1, Posição Esteira Loja: 32
[2025-04-08 00:48:04] VENDA FÁBRICA - ID: 219, Tipo: SEDAN, Cor: Vermelho, Estação: 3, Funcionário: 1, Posição Esteira Fábrica: 18, Loja: 0, Posição Esteira Loja: 34
[2025-04-08 00:48:05] VENDA FÁBRICA - ID: 220, Tipo: SUV, Cor: Verde, Estação: 0, Funcionário: 3, Posição Esteira Fábrica: 19, Loja: 2, Posição Esteira Loja: 31
[2025-04-08 00:48:05] VENDA FÁBRICA - ID: 221, Tipo: SEDAN, Cor: Azul, Estação: 1, Funcionário: 4, Posição Esteira Fábrica: 20, Loja: 1, Posição Esteira Loja: 33
[2025-04-08 00:48:05] VENDA FÁBRICA - ID: 222, Tipo: SUV, Cor: Vermelho, Estação: 3, Funcionário: 4, Posição Esteira Fábrica: 21, Loja: 0, Posição Esteira Loja: 35
[2025-04-08 00:48:05] VENDA FÁBRICA - ID: 224, Tipo: SUV, Cor: Azul, Estação: 0, Funcionário: 1, Posição Esteira Fábrica: 22, Loja: 2, Posição Esteira Loja: 32
[2025-04-08 00:48:06] VENDA FÁBRICA - ID: 223, Tipo: SEDAN, Cor: Verde, Estação: 2, Funcionário: 1, Posição Esteira Fábrica: 23, Loja: 0, Posição Esteira Loja: 36
[2025-04-08 00:48:06] VENDA FÁBRICA - ID: 225, Tipo: SEDAN, Cor: Vermelho, Estação: 1, Funcionário: 2, Posição Esteira Fábrica: 24, Loja: 1, Posição Esteira Loja: 34
[2025-04-08 00:48:06] VENDA FÁBRICA - ID: 226, Tipo: SUV, Cor: Verde, Estação: 2, Funcionário: 3, Posição Esteira Fábrica: 25, Loja: 0, Posição Esteira Loja: 37
[2025-04-08 00:48:06] VENDA FÁBRICA - ID: 227, Tipo: SEDAN, Cor: Azul, Estação: 0, Funcionário: 4, Posição Esteira Fábrica: 26, Loja: 2, Posição Esteira Loja: 33
[2025-04-08 00:48:07] VENDA FÁBRICA - ID: 228, Tipo: SUV, Cor: Vermelho, Estação: 3, Funcionário: 2, Posição Esteira Fábrica: 27, Loja: 1, Posição Esteira Loja: 35
[2025-04-08 00:48:07] VENDA FÁBRICA - ID: 229, Tipo: SEDAN, Cor: Verde, Estação: 1, Funcionário: 0, Posição Esteira Fábrica: 28, Loja: 0, Posição Esteira Loja: 38
[2025-04-08 00:48:07] VENDA FÁBRICA - ID: 230, Tipo: SUV, Cor: Azul, Estação: 3, Funcionário: 0, Posição Esteira Fábrica: 29, Loja: 2, Posição Esteira Loja: 34
[2025-04-08 00:48:08] VENDA FÁBRICA - ID: 231, Tipo: SEDAN, Cor: Vermelho, Estação: 2, Funcionário: 0, Posição Esteira Fábrica: 30, Loja: 0, Posição Esteira Loja: 39
[2025-04-08 00:48:08] VENDA FÁBRICA - ID: 232, Tipo: SUV, Cor: Verde, Estação: 0, Funcionário: 2, Posição Esteira Fábrica: 31, Loja: 1, Posição Esteira Loja: 36
[2025-04-08 00:48:08] VENDA FÁBRICA - ID: 233, Tipo: SEDAN, Cor: Azul, Estação: 1, Funcionário: 3, Posição Esteira Fábrica: 32, Loja: 2, Posição Esteira Loja: 35
[2025-04-08 00:48:08] VENDA FÁBRICA - ID: 234, Tipo: SUV, Cor: Vermelho, Estação: 2, Funcionário: 2, Posição Esteira Fábrica: 33, Loja: 0, Posição Esteira Loja: 0
[2025-04-08 00:48:09] VENDA FÁBRICA - ID: 235, Tipo: SEDAN, Cor: Verde, Estação: 0, Funcionário: 0, Posição Esteira Fábrica: 34, Loja: 1, Posição Esteira Loja: 37
[2025-04-08 00:48:09] VENDA FÁBRICA - ID: 236, Tipo: SUV, Cor: Azul, Estação: 3, Funcionário: 3, Posição Esteira Fábrica: 35, Loja: 2, Posição Esteira Loja: 36
[2025-04-08 00:48:09] VENDA FÁBRICA - ID: 237, Tipo: SEDAN, Cor: Vermelho, Estação: 1, Funcionário: 1, Posição Esteira Fábrica: 36, Loja: 0, Posição Esteira Loja: 1
[2025-04-08 00:48:09] VENDA FÁBRICA - ID: 238, Tipo: SUV, Cor: Verde, Estação: 3, Funcionário: 1, Posição Esteira Fábrica: 37, Loja: 1, Posição Esteira Loja: 38
[2025-04-08 00:48:09] VENDA FÁBRICA - ID: 239, Tipo: SEDAN, Cor: Azul, Estação: 2, Funcionário: 4, Posição Esteira Fábrica: 38, Loja: 2, Posição Esteira Loja: 37
[2025-04-08 00:48:10] VENDA FÁBRICA - ID: 240, Tipo: SUV, Cor: Vermelho, Estação: 0, Funcionário: 3, Posição Esteira Fábrica: 39, Loja: 1, Posição Esteira Loja: 39
[2025-04-08 00:48:10] VENDA FÁBRICA - ID: 241, Tipo: SEDAN, Cor: Verde, Estação: 1, Funcionário: 4, Posição Esteira Fábrica: 0, Loja: 0, Posição Esteira Loja: 2
[2025-04-08 00:48:10] VENDA FÁBRICA - ID: 242, Tipo: SUV, Cor: Azul, Estação: 2, Funcionário: 1, Posição Esteira Fábrica: 1, Loja: 2, Posição Esteira Loja: 38
[2025-04-08 00:48:11] VENDA FÁBRICA - ID: 244, Tipo: SUV, Cor: Verde, Estação: 0, Funcionário: 1, Posição Esteira Fábrica: 2, Loja: 1, Posição Esteira Loja: 0
[2025-04-08 00:48:11] VENDA FÁBRICA - ID: 243, Tipo: SEDAN, Cor: Vermelho, Estação: 3, Funcionário: 4, Posição Esteira Fábrica: 3, Loja: 0, Posição Esteira Loja: 3
[2025-04-08 00:48:11] VENDA FÁBRICA - ID: 245, Tipo: SEDAN, Cor: Azul, Estação: 1, Funcionário: 2, Posição Esteira Fábrica: 4, Loja: 2, Posição Esteira Loja: 39
[2025-04-08 00:48:12] VENDA FÁBRICA - ID: 246, Tipo: SUV, Cor: Vermelho, Estação: 3, Funcionário: 2, Posição Esteira Fábrica: 5, Loja: 1, Posição Esteira Loja: 1
[2025-04-08 00:48:12] VENDA FÁBRICA - ID: 248, Tipo: SUV, Cor: Azul, Estação: 0, Funcionário: 4, Posição Esteira Fábrica: 6, Loja: 0, Posição Esteira Loja: 4
[2025-04-08 00:48:12] VENDA FÁBRICA - ID: 247, Tipo: SEDAN, Cor: Verde, Estação: 2, Funcionário: 3, Posição Esteira Fábrica: 7, Loja: 2, Posição Esteira Loja: 0
[2025-04-08 00:48:12] VENDA FÁBRICA - ID: 249, Tipo: SEDAN, Cor: Vermelho, Estação: 1, Funcionário: 0, Posição Esteira Fábrica: 8, Loja: 0, Posição Esteira Loja: 5
[2025-04-08 00:48:13] VENDA FÁBRICA - ID: 250, Tipo: SUV, Cor: Verde, Estação: 2, Funcionário: 0, Posição Esteira Fábrica: 9, Loja: 1, Posição Esteira Loja: 2
[2025-04-08 00:48:13] VENDA FÁBRICA - ID: 251, Tipo: SEDAN, Cor: Azul, Estação: 3, Funcionário: 0, Posição Esteira Fábrica: 10, Loja: 2, Posição Esteira Loja: 1
[2025-04-08 00:48:13] VENDA FÁBRICA - ID: 252, Tipo: SUV, Cor: Vermelho, Estação: 0, Funcionário: 2, Posição Esteira Fábrica: 11, Loja: 2, Posição Esteira Loja: 2
[2025-04-08 00:48:13] VENDA FÁBRICA - ID: 253, Tipo: SEDAN, Cor: Verde, Estação: 1, Funcionário: 3, Posição Esteira Fábrica: 12, Loja: 0, Posição Esteira Loja: 6
[2025-04-08 00:48:14] VENDA FÁBRICA - ID: 254, Tipo: SUV, Cor: Azul, Estação: 3, Funcionário: 3, Posição Esteira Fábrica: 13, Loja: 1, Posição Esteira Loja: 3
[2025-04-08 00:48:14] VENDA FÁBRICA - ID: 256, Tipo: SUV, Cor: Verde, Estação: 2, Funcionário: 2, Posição Esteira Fábrica: 14, Loja: 2, Posição Esteira Loja: 3
[2025-04-08 00:48:14] VENDA FÁBRICA - ID: 255, Tipo: SEDAN, Cor: Vermelho, Estação: 0, Funcionário: 0, Posição Esteira Fábrica: 15, Loja: 0, Posição Esteira Loja: 7
[2025-04-08 00:48:14] VENDA FÁBRICA - ID: 257, Tipo: SEDAN, Cor: Azul, Estação: 1, Funcionário: 1, Posição Esteira Fábrica: 16, Loja: 1, Posição Esteira Loja: 4
[2025-04-08 00:48:15] VENDA FÁBRICA - ID: 258, Tipo: SUV, Cor: Vermelho, Estação: 2, Funcionário: 4, Posição Esteira Fábrica: 17, Loja: 0, Posição Esteira Loja: 8
[2025-04-08 00:48:15] VENDA FÁBRICA - ID: 259, Tipo: SEDAN, Cor: Verde, Estação: 3, Funcionário: 1, Posição Esteira Fábrica: 18, Loja: 2, Posição Esteira Loja: 4
[2025-04-08 00:48:15] VENDA FÁBRICA - ID: 260, Tipo: SUV, Cor: Azul, Estação: 0, Funcionário: 3, Posição Esteira Fábrica: 19, Loja: 1, Posição Esteira Loja: 5
[2025-04-08 00:48:16] VENDA FÁBRICA - ID: 261, Tipo: SEDAN, Cor: Vermelho, Estação: 1, Funcionário: 4, Posição Esteira Fábrica: 20, Loja: 2, Posição Esteira Loja: 5
[2025-04-08 00:48:16] VENDA FÁBRICA - ID: 262, Tipo: SUV, Cor: Verde, Estação: 3, Funcionário: 4, Posição Esteira Fábrica: 21, Loja: 0, Posição Esteira Loja: 9
[2025-04-08 00:48:16] VENDA FÁBRICA - ID: 263, Tipo: SEDAN, Cor: Azul, Estação: 0, Funcionário: 1, Posição Esteira Fábrica: 22, Loja: 1, Posição Esteira Loja: 6
[2025-04-08 00:48:16] VENDA FÁBRICA - ID: 264, Tipo: SUV, Cor: Vermelho, Estação: 2, Funcionário: 1, Posição Esteira Fábrica: 23, Loja: 2, Posição Esteira Loja: 6
[2025-04-08 00:48:16] VENDA FÁBRICA - ID: 265, Tipo: SEDAN, Cor: Verde, Estação: 1, Funcionário: 2, Posição Esteira Fábrica: 24, Loja: 0, Posição Esteira Loja: 10
[2025-04-08 00:48:17] VENDA FÁBRICA - ID: 266, Tipo: SUV, Cor: Azul, Estação: 2, Funcionário: 3, Posição Esteira Fábrica: 25, Loja: 1, Posição Esteira Loja: 7
[2025-04-08 00:48:17] VENDA FÁBRICA - ID: 267, Tipo: SEDAN, Cor: Vermelho, Estação: 3, Funcionário: 2, Posição Esteira Fábrica: 26, Loja: 2, Posição Esteira Loja: 7
[2025-04-08 00:48:17] VENDA FÁBRICA - ID: 268, Tipo: SUV, Cor: Verde, Estação: 0, Funcionário: 4, Posição Esteira Fábrica: 27, Loja: 0, Posição Esteira Loja: 11
[2025-04-08 00:48:18] VENDA FÁBRICA - ID: 269, Tipo: SEDAN, Cor: Azul, Estação: 1, Funcionário: 0, Posição Esteira Fábrica: 28, Loja: 1, Posição Esteira Loja: 8
[2025-04-08 00:48:18] VENDA FÁBRICA - ID: 270, Tipo: SUV, Cor: Vermelho, Estação: 3, Funcionário: 0, Posição Esteira Fábrica: 29, Loja: 2, Posição Esteira Loja: 8
[2025-04-08 00:48:18] VENDA FÁBRICA - ID: 271, Tipo: SEDAN, Cor: Verde, Estação: 0, Funcionário: 2, Posição Esteira Fábrica: 30, Loja: 0, Posição Esteira Loja: 12
[2025-04-08 00:48:18] VENDA FÁBRICA - ID: 272, Tipo: SUV, Cor: Azul, Estação: 2, Funcionário: 0, Posição Esteira Fábrica: 31, Loja: 1, Posição Esteira Loja: 9
[2025-04-08 00:48:18] VENDA FÁBRICA - ID: 273, Tipo: SEDAN, Cor: Vermelho, Estação: 1, Funcionário: 3, Posição Esteira Fábrica: 32, Loja: 0, Posição Esteira Loja: 13
[2025-04-08 00:48:19] VENDA FÁBRICA - ID: 274, Tipo: SUV, Cor: Verde, Estação: 2, Funcionário: 2, Posição Esteira Fábrica: 33, Loja: 2, Posição Esteira Loja: 9
[2025-04-08 00:48:19] VENDA FÁBRICA - ID: 275, Tipo: SEDAN, Cor: Azul, Estação: 3, Funcionário: 3, Posição Esteira Fábrica: 34, Loja: 1, Posição Esteira Loja: 10
[2025-04-08 00:48:19] VENDA FÁBRICA - ID: 276, Tipo: SUV, Cor: Vermelho, Estação: 0, Funcionário: 0, Posição Esteira Fábrica: 35, Loja: 2, Posição Esteira Loja: 10
[2025-04-08 00:48:19] VENDA FÁBRICA - ID: 277, Tipo: SEDAN, Cor: Verde, Estação: 1, Funcionário: 1, Posição Esteira Fábrica: 36, Loja: 0, Posição Esteira Loja: 14
[2025-04-08 00:48:20] VENDA FÁBRICA - ID: 278, Tipo: SUV, Cor: Azul, Estação: 3, Funcionário: 1, Posição Esteira Fábrica: 37, Loja: 1, Posição Esteira Loja: 11
[2025-04-08 00:48:20] VENDA FÁBRICA - ID: 280, Tipo: SUV, Cor: Verde, Estação: 0, Funcionário: 3, Posição Esteira Fábrica: 38, Loja: 0, Posição Esteira Loja: 15
[2025-04-08 00:48:20] VENDA FÁBRICA - ID: 279, Tipo: SEDAN, Cor: Vermelho, Estação: 2, Funcionário: 4, Posição Esteira Fábrica: 39, Loja: 2, Posição Esteira Loja: 11
[2025-04-08 00:48:20] VENDA FÁBRICA - ID: 281, Tipo: SEDAN, Cor: Azul, Estação: 1, Funcionário: 4, Posição Esteira Fábrica: 0, Loja: 0, Posição Esteira Loja: 16
[2025-04-08 00:48:20] VENDA FÁBRICA - ID: 282, Tipo: SUV, Cor: Vermelho, Estação: 2, Funcionário: 1, Posição Esteira Fábrica: 1, Loja: 1, Posição Esteira Loja: 12
[2025-04-08 00:48:21] VENDA FÁBRICA - ID: 283, Tipo: SEDAN, Cor: Verde, Estação: 0, Funcionário: 1, Posição Esteira Fábrica: 2, Loja: 2, Posição Esteira Loja: 12
[2025-04-08 00:48:21] VENDA FÁBRICA - ID: 284, Tipo: SUV, Cor: Azul, Estação: 3, Funcionário: 4, Posição Esteira Fábrica: 3, Loja: 0, Posição Esteira Loja: 17
[2025-04-08 00:48:21] VENDA FÁBRICA - ID: 285, Tipo: SEDAN, Cor: Vermelho, Estação: 1, Funcionário: 2, Posição Esteira Fábrica: 4, Loja: 1, Posição Esteira Loja: 13
[2025-04-08 00:48:21] VENDA FÁBRICA - ID: 286, Tipo: SUV, Cor: Verde, Estação: 3, Funcionário: 2, Posição Esteira Fábrica: 5, Loja: 2, Posição Esteira Loja: 13
[2025-04-08 00:48:22] VENDA FÁBRICA - ID: 287, Tipo: SEDAN, Cor: Azul, Estação: 2, Funcionário: 3, Posição Esteira Fábrica: 6, Loja: 0, Posição Esteira Loja: 18
[2025-04-08 00:48:22] VENDA FÁBRICA - ID: 288, Tipo: SUV, Cor: Vermelho, Estação: 0, Funcionário: 4, Posição Esteira Fábrica: 7, Loja: 1, Posição Esteira Loja: 14
[2025-04-08 00:48:22] VENDA FÁBRICA - ID: 289, Tipo: SEDAN, Cor: Verde, Estação: 1, Funcionário: 0, Posição Esteira Fábrica: 8, Loja: 2, Posição Esteira Loja: 14
[2025-04-08 00:48:23] VENDA FÁBRICA - ID: 290, Tipo: SUV, Cor: Azul, Estação: 2, Funcionário: 0, Posição Esteira Fábrica: 9, Loja: 1, Posição Esteira Loja: 15
[2025-04-08 00:48:23] VENDA FÁBRICA - ID: 291, Tipo: SEDAN, Cor: Vermelho, Estação: 3, Funcionário: 0, Posição Esteira Fábrica: 10, Loja: 0, Posição Esteira Loja: 19
[2025-04-08 00:48:23] VENDA FÁBRICA - ID: 292, Tipo: SUV, Cor: Verde, Estação: 0, Funcionário: 2, Posição Esteira Fábrica: 11, Loja: 0, Posição Esteira Loja: 20
[2025-04-08 00:48:23] VENDA FÁBRICA - ID: 293, Tipo: SEDAN, Cor: Azul, Estação: 1, Funcionário: 3, Posição Esteira Fábrica: 12, Loja: 2, Posição Esteira Loja: 15
[2025-04-08 00:48:23] VENDA FÁBRICA - ID: 294, Tipo: SUV, Cor: Vermelho, Estação: 3, Funcionário: 3, Posição Esteira Fábrica: 13, Loja: 1, Posição Esteira Loja: 16
[2025-04-08 00:48:24] VENDA FÁBRICA - ID: 295, Tipo: SEDAN, Cor: Verde, Estação: 2, Funcionário: 2, Posição Esteira Fábrica: 14, Loja: 2, Posição Esteira Loja: 16
[2025-04-08 00:48:24] VENDA FÁBRICA - ID: 296, Tipo: SUV, Cor: Azul, Estação: 0, Funcionário: 0, Posição Esteira Fábrica: 15, Loja: 1, Posição Esteira Loja: 17
[2025-04-08 00:48:24] VENDA FÁBRICA - ID: 297, Tipo: SEDAN, Cor: Vermelho, Estação: 1, Funcionário: 1, Posição Esteira Fábrica: 16, Loja: 0, Posição Esteira Loja: 21
[2025-04-08 00:48:25] VENDA FÁBRICA - ID: 298, Tipo: SUV, Cor: Verde, Estação: 2, Funcionário: 4, Posição Esteira Fábrica: 17, Loja: 2, Posição Esteira Loja: 17
[2025-04-08 00:48:25] VENDA FÁBRICA - ID: 299, Tipo: SEDAN, Cor: Azul, Estação: 3, Funcionário: 1, Posição Esteira Fábrica: 18, Loja: 1, Posição Esteira Loja: 18
[2025-04-08 00:48:25] VENDA FÁBRICA - ID: 300, Tipo: SUV, Cor: Vermelho, Estação: 0, Funcionário: 3, Posição Esteira Fábrica: 19, Loja: 0, Posição Esteira Loja: 22
[2025-04-08 00:48:26] VENDA FÁBRICA - ID: 301, Tipo: SEDAN, Cor: Verde, Estação: 1, Funcionário: 4, Posição Esteira Fábrica: 20, Loja: 2, Posição Esteira Loja: 18
[2025-04-08 00:48:26] VENDA FÁBRICA - ID: 302, Tipo: SUV, Cor: Azul, Estação: 3, Funcionário: 4, Posição Esteira Fábrica: 21, Loja: 1, Posição Esteira Loja: 19
[2025-04-08 00:48:26] VENDA FÁBRICA - ID: 303, Tipo: SEDAN, Cor: Vermelho, Estação: 2, Funcionário: 1, Posição Esteira Fábrica: 22, Loja: 0, Posição Esteira Loja: 23
[2025-04-08 00:48:26] VENDA FÁBRICA - ID: 304, Tipo: SUV, Cor: Verde, Estação: 0, Funcionário: 1, Posição Esteira Fábrica: 23, Loja: 1, Posição Esteira Loja: 20
[2025-04-08 00:48:26] VENDA FÁBRICA - ID: 305, Tipo: SEDAN, Cor: Azul, Estação: 1, Funcionário: 2, Posição Esteira Fábrica: 24, Loja: 2, Posição Esteira Loja: 19
[2025-04-08 00:48:27] VENDA FÁBRICA - ID: 306, Tipo: SUV, Cor: Vermelho, Estação: 2, Funcionário: 3, Posição Esteira Fábrica: 25, Loja: 0, Posição Esteira Loja: 24
[2025-04-08 00:48:27] VENDA FÁBRICA - ID: 307, Tipo: SEDAN, Cor: Verde, Estação: 3, Funcionário: 2, Posição Esteira Fábrica: 26, Loja: 1, Posição Esteira Loja: 21
[2025-04-08 00:48:27] VENDA FÁBRICA - ID: 308, Tipo: SUV, Cor: Azul, Estação: 0, Funcionário: 4, Posição Esteira Fábrica: 27, Loja: 2, Posição Esteira Loja: 20
[2025-04-08 00:48:27] VENDA FÁBRICA - ID: 309, Tipo: SEDAN, Cor: Vermelho, Estação: 1, Funcionário: 0, Posição Esteira Fábrica: 28, Loja: 0, Posição Esteira Loja: 25
[2025-04-08 00:48:28] VENDA FÁBRICA - ID: 310, Tipo: SUV, Cor: Verde, Estação: 3, Funcionário: 0, Posição Esteira Fábrica: 29, Loja: 0, Posição Esteira Loja: 26
[2025-04-08 00:48:28] VENDA FÁBRICA - ID: 311, Tipo: SEDAN, Cor: Azul, Estação: 2, Funcionário: 0, Posição Esteira Fábrica: 30, Loja: 2, Posição Esteira Loja: 21
[2025-04-08 00:48:28] VENDA FÁBRICA - ID: 312, Tipo: SUV, Cor: Vermelho, Estação: 0, Funcionário: 2, Posição Esteira Fábrica: 31, Loja: 1, Posição Esteira Loja: 22
[2025-04-08 00:48:29] VENDA FÁBRICA - ID: 313, Tipo: SEDAN, Cor: Verde, Estação: 1, Funcionário: 3, Posição Esteira Fábrica: 32, Loja: 2, Posição Esteira Loja: 22
[2025-04-08 00:48:29] VENDA FÁBRICA - ID: 314, Tipo: SUV, Cor: Azul, Estação: 2, Funcionário: 2, Posição Esteira Fábrica: 33, Loja: 0, Posição Esteira Loja: 27
[2025-04-08 00:48:29] VENDA FÁBRICA - ID: 315, Tipo: SEDAN, Cor: Vermelho, Estação: 3, Funcionário: 3, Posição Esteira Fábrica: 34, Loja: 1, Posição Esteira Loja: 23
[2025-04-08 00:48:29] VENDA FÁBRICA - ID: 316, Tipo: SUV, Cor: Verde, Estação: 0, Funcionário: 0, Posição Esteira Fábrica: 35, Loja: 2, Posição Esteira Loja: 23
[2025-04-08 00:48:30] VENDA FÁBRICA - ID: 317, Tipo: SEDAN, Cor: Azul, Estação: 1, Funcionário: 1, Posição Esteira Fábrica: 36, Loja: 1, Posição Esteira Loja: 24
[2025-04-08 00:48:30] VENDA FÁBRICA - ID: 318, Tipo: SUV, Cor: Vermelho, Estação: 3, Funcionário: 1, Posição Esteira Fábrica: 37, Loja: 0, Posição Esteira Loja: 28
[2025-04-08 00:48:30] VENDA FÁBRICA - ID: 319, Tipo: SEDAN, Cor: Verde, Estação: 2, Funcionário: 4, Posição Esteira Fábrica: 38, Loja: 2, Posição Esteira Loja: 24
[2025-04-08 00:48:30] VENDA FÁBRICA - ID: 320, Tipo: SUV, Cor: Azul, Estação: 0, Funcionário: 3, Posição Esteira Fábrica: 39, Loja: 2, Posição Esteira Loja: 25
[2025-04-08 00:48:30] VENDA FÁBRICA - ID: 321, Tipo: SEDAN, Cor: Vermelho, Estação: 1, Funcionário: 4, Posição Esteira Fábrica: 0, Loja: 0, Posição Esteira Loja: 29
[2025-04-08 00:48:31] VENDA FÁBRICA - ID: 322, Tipo: SUV, Cor: Verde, Estação: 2, Funcionário: 1, Posição Esteira Fábrica: 1, Loja: 1, Posição Esteira Loja: 25
[2025-04-08 00:48:31] VENDA FÁBRICA - ID: 323, Tipo: SEDAN, Cor: Azul, Estação: 3, Funcionário: 4, Posição Esteira Fábrica: 2, Loja: 2, Posição Esteira Loja: 26
[2025-04-08 00:48:31] VENDA FÁBRICA - ID: 324, Tipo: SUV, Cor: Vermelho, Estação: 0, Funcionário: 1, Posição Esteira Fábrica: 3, Loja: 1, Posição Esteira Loja: 26
[2025-04-08 00:48:31] VENDA FÁBRICA - ID: 325, Tipo: SEDAN, Cor: Verde, Estação: 1, Funcionário: 2, Posição Esteira Fábrica: 4, Loja: 0, Posição Esteira Loja: 30
[2025-04-08 00:48:32] VENDA FÁBRICA - ID: 326, Tipo: SUV, Cor: Azul, Estação: 3, Funcionário: 2, Posição Esteira Fábrica: 5, Loja: 1, Posição Esteira Loja: 27
[2025-04-08 00:48:32] VENDA FÁBRICA - ID: 327, Tipo: SEDAN, Cor: Vermelho, Estação: 2, Funcionário: 3, Posição Esteira Fábrica: 6, Loja: 2, Posição Esteira Loja: 27
[2025-04-08 00:48:32] VENDA FÁBRICA - ID: 328, Tipo: SUV, Cor: Verde, Estação: 0, Funcionário: 4, Posição Esteira Fábrica: 7, Loja: 0, Posição Esteira Loja: 31
[2025-04-08 00:48:33] VENDA FÁBRICA - ID: 329, Tipo: SEDAN, Cor: Azul, Estação: 1, Funcionário: 0, Posição Esteira Fábrica: 8, Loja: 1, Posição Esteira Loja: 28
[2025-04-08 00:48:33] VENDA FÁBRICA - ID: 330, Tipo: SUV, Cor: Vermelho, Estação: 2, Funcionário: 0, Posição Esteira Fábrica: 9, Loja: 0, Posição Esteira Loja: 32
[2025-04-08 00:48:33] VENDA FÁBRICA - ID: 331, Tipo: SEDAN, Cor: Verde, Estação: 3, Funcionário: 0, Posição Esteira Fábrica: 10, Loja: 2, Posição Esteira Loja: 28
[2025-04-08 00:48:33] VENDA FÁBRICA - ID: 332, Tipo: SUV, Cor: Azul, Estação: 0, Funcionário: 2, Posição Esteira Fábrica: 11, Loja: 1, Posição Esteira Loja: 29
[2025-04-08 00:48:33] VENDA FÁBRICA - ID: 333, Tipo: SEDAN, Cor: Vermelho, Estação: 1, Funcionário: 3, Posição Esteira Fábrica: 12, Loja: 0, Posição Esteira Loja: 33
[2025-04-08 00:48:34] VENDA FÁBRICA - ID: 334, Tipo: SUV, Cor: Verde, Estação: 3, Funcionário: 3, Posição Esteira Fábrica: 13, Loja: 2, Posição Esteira Loja: 29
[2025-04-08 00:48:34] VENDA FÁBRICA - ID: 335, Tipo: SEDAN, Cor: Azul, Estação: 2, Funcionário: 2, Posição Esteira Fábrica: 14, Loja: 0, Posição Esteira Loja: 34
[2025-04-08 00:48:34] VENDA FÁBRICA - ID: 336, Tipo: SUV, Cor: Vermelho, Estação: 0, Funcionário: 0, Posição Esteira Fábrica: 15, Loja: 1, Posição Esteira Loja: 30
[2025-04-08 00:48:34] VENDA FÁBRICA - ID: 337, Tipo: SEDAN, Cor: Verde, Estação: 1, Funcionário: 1, Posição Esteira Fábrica: 16, Loja: 2, Posição Esteira Loja: 30
[2025-04-08 00:48:35] VENDA FÁBRICA - ID: 338, Tipo: SUV, Cor: Azul, Estação: 2, Funcionário: 4, Posição Esteira Fábrica: 17, Loja: 0, Posição Esteira Loja: 35
[2025-04-08 00:48:35] VENDA FÁBRICA - ID: 339, Tipo: SEDAN, Cor: Vermelho, Estação: 3, Funcionário: 1, Posição Esteira Fábrica: 18, Loja: 1, Posição Esteira Loja: 31
[2025-04-08 00:48:35] VENDA FÁBRICA - ID: 340, Tipo: SUV, Cor: Verde, Estação: 0, Funcionário: 3, Posição Esteira Fábrica: 19, Loja: 2, Posição Esteira Loja: 31
[2025-04-08 00:48:35] VENDA FÁBRICA - ID: 341, Tipo: SEDAN, Cor: Azul, Estação: 1, Funcionário: 4, Posição Esteira Fábrica: 20, Loja: 0, Posição Esteira Loja: 36
[2025-04-08 00:48:35] VENDA FÁBRICA - ID: 342, Tipo: SUV, Cor: Vermelho, Estação: 3, Funcionário: 4, Posição Esteira Fábrica: 21, Loja: 1, Posição Esteira Loja: 32
[2025-04-08 00:48:36] VENDA FÁBRICA - ID: 343, Tipo: SEDAN, Cor: Verde, Estação: 2, Funcionário: 1, Posição Esteira Fábrica: 22, Loja: 2, Posição Esteira Loja: 32
[2025-04-08 00:48:36] VENDA FÁBRICA - ID: 344, Tipo: SUV, Cor: Azul, Estação: 0, Funcionário: 1, Posição Esteira Fábrica: 23, Loja: 1, Posição Esteira Loja: 33
[2025-04-08 00:48:36] VENDA FÁBRICA - ID: 345, Tipo: SEDAN, Cor: Vermelho, Estação: 1, Funcionário: 2, Posição Esteira Fábrica: 24, Loja: 0, Posição Esteira Loja: 37
[2025-04-08 00:48:37] VENDA FÁBRICA - ID: 346, Tipo: SUV, Cor: Verde, Estação: 2, Funcionário: 3, Posição Esteira Fábrica: 25, Loja: 1, Posição Esteira Loja: 34
[2025-04-08 00:48:37] VENDA FÁBRICA - ID: 347, Tipo: SEDAN, Cor: Azul, Estação: 3, Funcionário: 2, Posição Esteira Fábrica: 26, Loja: 2, Posição Esteira Loja: 33
[2025-04-08 00:48:37] VENDA FÁBRICA - ID: 348, Tipo: SUV, Cor: Vermelho, Estação: 0, Funcionário: 4, Posição Esteira Fábrica: 27, Loja: 0, Posição Esteira Loja: 38
[2025-04-08 00:48:38] VENDA FÁBRICA - ID: 349, Tipo: SEDAN, Cor: Verde, Estação: 1, Funcionário: 0, Posição Esteira Fábrica: 28, Loja: 1, Posição Esteira Loja: 35
[2025-04-08 00:48:38] VENDA FÁBRICA - ID: 350, Tipo: SUV, Cor: Azul, Estação: 3, Funcionário: 0, Posição Esteira Fábrica: 29, Loja: 2, Posição Esteira Loja: 34
[2025-04-08 00:48:38] VENDA FÁBRICA - ID: 351, Tipo: SEDAN, Cor: Vermelho, Estação: 2, Funcionário: 0, Posição Esteira Fábrica: 30, Loja: 0, Posição Esteira Loja: 39
[2025-04-08 00:48:38] VENDA FÁBRICA - ID: 352, Tipo: SUV, Cor: Verde, Estação: 0, Funcionário: 2, Posição Esteira Fábrica: 31, Loja: 1, Posição Esteira Loja: 36
[2025-04-08 00:48:39] VENDA FÁBRICA - ID: 353, Tipo: SEDAN, Cor: Azul, Estação: 1, Funcionário: 3, Posição Esteira Fábrica: 32, Loja: 2, Posição Esteira Loja: 35
[2025-04-08 00:48:39] VENDA FÁBRICA - ID: 354, Tipo: SUV, Cor: Vermelho, Estação: 2, Funcionário: 2, Posição Esteira Fábrica: 33, Loja: 0, Posição Esteira Loja: 0
[2025-04-08 00:48:39] VENDA FÁBRICA - ID: 355, Tipo: SEDAN, Cor: Verde, Estação: 3, Funcionário: 3, Posição Esteira Fábrica: 34, Loja: 1, Posição Esteira Loja: 37
[2025-04-08 00:48:39] VENDA FÁBRICA - ID: 356, Tipo: SUV, Cor: Azul, Estação: 0, Funcionário: 0, Posição Esteira Fábrica: 35, Loja: 0, Posição Esteira Loja: 1
[2025-04-08 00:48:39] VENDA FÁBRICA - ID: 357, Tipo: SEDAN, Cor: Vermelho, Estação: 1, Funcionário: 1, Posição Esteira Fábrica: 36, Loja: 2, Posição Esteira Loja: 36
[2025-04-08 00:48:40] VENDA FÁBRICA - ID: 358, Tipo: SUV, Cor: Verde, Estação: 3, Funcionário: 1, Posição Esteira Fábrica: 37, Loja: 1, Posição Esteira Loja: 38
[2025-04-08 00:48:40] VENDA FÁBRICA - ID: 359, Tipo: SEDAN, Cor: Azul, Estação: 2, Funcionário: 4, Posição Esteira Fábrica: 38, Loja: 0, Posição Esteira Loja: 2
[2025-04-08 00:48:40] VENDA FÁBRICA - ID: 360, Tipo: SUV, Cor: Vermelho, Estação: 0, Funcionário: 3, Posição Esteira Fábrica: 39, Loja: 2, Posição Esteira Loja: 37
[2025-04-08 00:48:41] VENDA FÁBRICA - ID: 361, Tipo: SEDAN, Cor: Verde, Estação: 1, Funcionário: 4, Posição Esteira Fábrica: 0, Loja: 1, Posição Esteira Loja: 39
[2025-04-08 00:48:41] VENDA FÁBRICA - ID: 362, Tipo: SUV, Cor: Azul, Estação: 2, Funcionário: 1, Posição Esteira Fábrica: 1, Loja: 2, Posição Esteira Loja: 38
[2025-04-08 00:48:41] VENDA FÁBRICA - ID: 363, Tipo: SEDAN, Cor: Vermelho, Estação: 3, Funcionário: 4, Posição Esteira Fábrica: 2, Loja: 1, Posição Esteira Loja: 0
[2025-04-08 00:48:41] VENDA FÁBRICA - ID: 364, Tipo: SUV, Cor: Verde, Estação: 0, Funcionário: 1, Posição Esteira Fábrica: 3, Loja: 0, Posição Esteira Loja: 3
[2025-04-08 00:48:42] VENDA FÁBRICA - ID: 365, Tipo: SEDAN, Cor: Azul, Estação: 1, Funcionário: 2, Posição Esteira Fábrica: 4, Loja: 2, Posição Esteira Loja: 39
[2025-04-08 00:48:42] VENDA FÁBRICA - ID: 366, Tipo: SUV, Cor: Vermelho, Estação: 3, Funcionário: 2, Posição Esteira Fábrica: 5, Loja: 0, Posição Esteira Loja: 4
[2025-04-08 00:48:42] VENDA FÁBRICA - ID: 367, Tipo: SEDAN, Cor: Verde, Estação: 2, Funcionário: 3, Posição Esteira Fábrica: 6, Loja: 1, Posição Esteira Loja: 1
[2025-04-08 00:48:43] VENDA FÁBRICA - ID: 368, Tipo: SUV, Cor: Azul, Estação: 0, Funcionário: 4, Posição Esteira Fábrica: 7, Loja: 2, Posição Esteira Loja: 0
[2025-04-08 00:48:43] VENDA FÁBRICA - ID: 369, Tipo: SEDAN, Cor: Vermelho, Estação: 1, Funcionário: 0, Posição Esteira Fábrica: 8, Loja: 1, Posição Esteira Loja: 2
[2025-04-08 00:48:43] VENDA FÁBRICA - ID: 370, Tipo: SUV, Cor: Verde, Estação: 2, Funcionário: 0, Posição Esteira Fábrica: 9, Loja: 0, Posição Esteira Loja: 5
[2025-04-08 00:48:44] VENDA FÁBRICA - ID: 371, Tipo: SEDAN, Cor: Azul, Estação: 3, Funcionário: 0, Posição Esteira Fábrica: 10, Loja: 1, Posição Esteira Loja: 3
[2025-04-08 00:48:44] VENDA FÁBRICA - ID: 372, Tipo: SUV, Cor: Vermelho, Estação: 0, Funcionário: 2, Posição Esteira Fábrica: 11, Loja: 2, Posição Esteira Loja: 1
[2025-04-08 00:48:44] VENDA FÁBRICA - ID: 373, Tipo: SEDAN, Cor: Verde, Estação: 1, Funcionário: 3, Posição Esteira Fábrica: 12, Loja: 0, Posição Esteira Loja: 6
[2025-04-08 00:48:44] VENDA FÁBRICA - ID: 374, Tipo: SUV, Cor: Azul, Estação: 3, Funcionário: 3, Posição Esteira Fábrica: 13, Loja: 0, Posição Esteira Loja: 7
[2025-04-08 00:48:44] VENDA FÁBRICA - ID: 375, Tipo: SEDAN, Cor: Vermelho, Estação: 2, Funcionário: 2, Posição Esteira Fábrica: 14, Loja: 2, Posição Esteira Loja: 2
[2025-04-08 00:48:45] VENDA FÁBRICA - ID: 376, Tipo: SUV, Cor: Verde, Estação: 0, Funcionário: 0, Posição Esteira Fábrica: 15, Loja: 1, Posição Esteira Loja: 4
[2025-04-08 00:48:45] VENDA FÁBRICA - ID: 377, Tipo: SEDAN, Cor: Azul, Estação: 1, Funcionário: 1, Posição Esteira Fábrica: 16, Loja: 2, Posição Esteira Loja: 3
[2025-04-08 00:48:45] VENDA FÁBRICA - ID: 378, Tipo: SUV, Cor: Vermelho, Estação: 2, Funcionário: 4, Posição Esteira Fábrica: 17, Loja: 1, Posição Esteira Loja: 5
[2025-04-08 00:48:45] VENDA FÁBRICA - ID: 379, Tipo: SEDAN, Cor: Verde, Estação: 0, Funcionário: 3, Posição Esteira Fábrica: 18, Loja: 0, Posição Esteira Loja: 8
[2025-04-08 00:48:46] VENDA FÁBRICA - ID: 380, Tipo: SUV, Cor: Azul, Estação: 3, Funcionário: 1, Posição Esteira Fábrica: 19, Loja: 0, Posição Esteira Loja: 9
[2025-04-08 00:48:46] VENDA FÁBRICA - ID: 381, Tipo: SEDAN, Cor: Vermelho, Estação: 1, Funcionário: 4, Posição Esteira Fábrica: 20, Loja: 2, Posição Esteira Loja: 4
[2025-04-08 00:48:46] VENDA FÁBRICA - ID: 382, Tipo: SUV, Cor: Verde, Estação: 3, Funcionário: 4, Posição Esteira Fábrica: 21, Loja: 1, Posição Esteira Loja: 6
[2025-04-08 00:48:47] VENDA FÁBRICA - ID: 383, Tipo: SEDAN, Cor: Azul, Estação: 2, Funcionário: 1, Posição Esteira Fábrica: 22, Loja: 0, Posição Esteira Loja: 10
[2025-04-08 00:48:47] VENDA FÁBRICA - ID: 384, Tipo: SUV, Cor: Vermelho, Estação: 0, Funcionário: 1, Posição Esteira Fábrica: 23, Loja: 2, Posição Esteira Loja: 5
[2025-04-08 00:48:47] VENDA FÁBRICA - ID: 385, Tipo: SEDAN, Cor: Verde, Estação: 1, Funcionário: 2, Posição Esteira Fábrica: 24, Loja: 1, Posição Esteira Loja: 7
[2025-04-08 00:48:47] VENDA FÁBRICA - ID: 386, Tipo: SUV, Cor: Azul, Estação: 2, Funcionário: 3, Posição Esteira Fábrica: 25, Loja: 0, Posição Esteira Loja: 11
[2025-04-08 00:48:48] VENDA FÁBRICA - ID: 387, Tipo: SEDAN, Cor: Vermelho, Estação: 0, Funcionário: 4, Posição Esteira Fábrica: 26, Loja: 2, Posição Esteira Loja: 6
[2025-04-08 00:48:48] VENDA FÁBRICA - ID: 388, Tipo: SUV, Cor: Verde, Estação: 3, Funcionário: 2, Posição Esteira Fábrica: 27, Loja: 0, Posição Esteira Loja: 12
[2025-04-08 00:48:48] VENDA FÁBRICA - ID: 389, Tipo: SEDAN, Cor: Azul, Estação: 1, Funcionário: 0, Posição Esteira Fábrica: 28, Loja: 1, Posição Esteira Loja: 8
[2025-04-08 00:48:48] VENDA FÁBRICA - ID: 390, Tipo: SUV, Cor: Vermelho, Estação: 3, Funcionário: 0, Posição Esteira Fábrica: 29, Loja: 2, Posição Esteira Loja: 7
[2025-04-08 00:48:48] VENDA FÁBRICA - ID: 391, Tipo: SEDAN, Cor: Verde, Estação: 2, Funcionário: 0, Posição Esteira Fábrica: 30, Loja: 0, Posição Esteira Loja: 13
[2025-04-08 00:48:49] VENDA FÁBRICA - ID: 392, Tipo: SUV, Cor: Azul, Estação: 0, Funcionário: 2, Posição Esteira Fábrica: 31, Loja: 1, Posição Esteira Loja: 9
[2025-04-08 00:48:49] VENDA FÁBRICA - ID: 393, Tipo: SEDAN, Cor: Vermelho, Estação: 1, Funcionário: 3, Posição Esteira Fábrica: 32, Loja: 2, Posição Esteira Loja: 8
[2025-04-08 00:48:49] VENDA FÁBRICA - ID: 394, Tipo: SUV, Cor: Verde, Estação: 2, Funcionário: 2, Posição Esteira Fábrica: 33, Loja: 0, Posição Esteira Loja: 14
[2025-04-08 00:48:50] VENDA FÁBRICA - ID: 395, Tipo: SEDAN, Cor: Azul, Estação: 0, Funcionário: 0, Posição Esteira Fábrica: 34, Loja: 2, Posição Esteira Loja: 9
[2025-04-08 00:48:50] VENDA FÁBRICA - ID: 396, Tipo: SUV, Cor: Vermelho, Estação: 3, Funcionário: 3, Posição Esteira Fábrica: 35, Loja: 1, Posição Esteira Loja: 10
[2025-04-08 00:48:50] VENDA FÁBRICA - ID: 397, Tipo: SEDAN, Cor: Verde, Estação: 1, Funcionário: 1, Posição Esteira Fábrica: 36, Loja: 0, Posição Esteira Loja: 15
[2025-04-08 00:48:50] VENDA FÁBRICA - ID: 398, Tipo: SUV, Cor: Azul, Estação: 3, Funcionário: 1, Posição Esteira Fábrica: 37, Loja: 1, Posição Esteira Loja: 11
[2025-04-08 00:48:51] VENDA FÁBRICA - ID: 399, Tipo: SEDAN, Cor: Vermelho, Estação: 2, Funcionário: 4, Posição Esteira Fábrica: 38, Loja: 2, Posição Esteira Loja: 10
[2025-04-08 00:48:51] VENDA FÁBRICA - ID: 400, Tipo: SUV, Cor: Verde, Estação: 0, Funcionário: 3, Posição Esteira Fábrica: 39, Loja: 0, Posição Esteira Loja: 16
[2025-04-08 00:48:51] VENDA FÁBRICA - ID: 401, Tipo: SEDAN, Cor: Azul, Estação: 1, Funcionário: 4, Posição Esteira Fábrica: 0, Loja: 1, Posição Esteira Loja: 12
[2025-04-08 00:48:51] VENDA FÁBRICA - ID: 402, Tipo: SUV, Cor: Vermelho, Estação: 2, Funcionário: 1, Posição Esteira Fábrica: 1, Loja: 2, Posição Esteira Loja: 11
[2025-04-08 00:48:52] VENDA FÁBRICA - ID: 403, Tipo: SEDAN, Cor: Verde, Estação: 0, Funcionário: 1, Posição Esteira Fábrica: 2, Loja: 0, Posição Esteira Loja: 17
[2025-04-08 00:48:52] VENDA FÁBRICA - ID: 404, Tipo: SUV, Cor: Azul, Estação: 3, Funcionário: 4, Posição Esteira Fábrica: 3, Loja: 1, Posição Esteira Loja: 13
[2025-04-08 00:48:52] VENDA FÁBRICA - ID: 405, Tipo: SEDAN, Cor: Vermelho, Estação: 1, Funcionário: 2, Posição Esteira Fábrica: 4, Loja: 2, Posição Esteira Loja: 12
[2025-04-08 00:48:52] VENDA FÁBRICA - ID: 406, Tipo: SUV, Cor: Verde, Estação: 3, Funcionário: 2, Posição Esteira Fábrica: 5, Loja: 0, Posição Esteira Loja: 18
[2025-04-08 00:48:53] VENDA FÁBRICA - ID: 407, Tipo: SEDAN, Cor: Azul, Estação: 2, Funcionário: 3, Posição Esteira Fábrica: 6, Loja: 1, Posição Esteira Loja: 14
[2025-04-08 00:48:53] VENDA FÁBRICA - ID: 408, Tipo: SUV, Cor: Vermelho, Estação: 0, Funcionário: 4, Posição Esteira Fábrica: 7, Loja: 2, Posição Esteira Loja: 13
[2025-04-08 00:48:53] VENDA FÁBRICA - ID: 409, Tipo: SEDAN, Cor: Verde, Estação: 1, Funcionário: 0, Posição Esteira Fábrica: 8, Loja: 0, Posição Esteira Loja: 19
[2025-04-08 00:48:53] VENDA FÁBRICA - ID: 410, Tipo: SUV, Cor: Azul, Estação: 2, Funcionário: 0, Posição Esteira Fábrica: 9, Loja: 1, Posição Esteira Loja: 15
[2025-04-08 00:48:54] VENDA FÁBRICA - ID: 412, Tipo: SUV, Cor: Verde, Estação: 0, Funcionário: 2, Posição Esteira Fábrica: 10, Loja: 0, Posição Esteira Loja: 20
[2025-04-08 00:48:54] VENDA FÁBRICA - ID: 411, Tipo: SEDAN, Cor: Vermelho, Estação: 3, Funcionário: 0, Posição Esteira Fábrica: 11, Loja: 1, Posição Esteira Loja: 16
[2025-04-08 00:48:54] VENDA FÁBRICA - ID: 413, Tipo: SEDAN, Cor: Azul, Estação: 1, Funcionário: 3, Posição Esteira Fábrica: 12, Loja: 2, Posição Esteira Loja: 14
[2025-04-08 00:48:55] VENDA FÁBRICA - ID: 414, Tipo: SUV, Cor: Vermelho, Estação: 3, Funcionário: 3, Posição Esteira Fábrica: 13, Loja: 1, Posição Esteira Loja: 17
[2025-04-08 00:48:55] VENDA FÁBRICA - ID: 415, Tipo: SEDAN, Cor: Verde, Estação: 2, Funcionário: 2, Posição Esteira Fábrica: 14, Loja: 0, Posição Esteira Loja: 21
[2025-04-08 00:48:55] VENDA FÁBRICA - ID: 416, Tipo: SUV, Cor: Azul, Estação: 0, Funcionário: 0, Posição Esteira Fábrica: 15, Loja: 2, Posição Esteira Loja: 15
[2025-04-08 00:48:55] VENDA FÁBRICA - ID: 417, Tipo: SEDAN, Cor: Vermelho, Estação: 1, Funcionário: 1, Posição Esteira Fábrica: 16, Loja: 1, Posição Esteira Loja: 18
[2025-04-08 00:48:55] VENDA FÁBRICA - ID: 418, Tipo: SUV, Cor: Verde, Estação: 2, Funcionário: 4, Posição Esteira Fábrica: 17, Loja: 0, Posição Esteira Loja: 22
[2025-04-08 00:48:55] VENDA FÁBRICA - ID: 419, Tipo: SEDAN, Cor: Azul, Estação: 0, Funcionário: 3, Posição Esteira Fábrica: 18, Loja: 2, Posição Esteira Loja: 16
[2025-04-08 00:48:56] VENDA FÁBRICA - ID: 420, Tipo: SUV, Cor: Vermelho, Estação: 3, Funcionário: 1, Posição Esteira Fábrica: 19, Loja: 0, Posição Esteira Loja: 23
[2025-04-08 00:48:56] VENDA FÁBRICA - ID: 421, Tipo: SEDAN, Cor: Verde, Estação: 1, Funcionário: 4, Posição Esteira Fábrica: 20, Loja: 1, Posição Esteira Loja: 19
[2025-04-08 00:48:56] VENDA FÁBRICA - ID: 422, Tipo: SUV, Cor: Azul, Estação: 3, Funcionário: 4, Posição Esteira Fábrica: 21, Loja: 2, Posição Esteira Loja: 17
[2025-04-08 00:48:56] VENDA FÁBRICA - ID: 424, Tipo: SUV, Cor: Verde, Estação: 0, Funcionário: 1, Posição Esteira Fábrica: 22, Loja: 0, Posição Esteira Loja: 24
[2025-04-08 00:48:57] VENDA FÁBRICA - ID: 423, Tipo: SEDAN, Cor: Vermelho, Estação: 2, Funcionário: 1, Posição Esteira Fábrica: 23, Loja: 1, Posição Esteira Loja: 20
[2025-04-08 00:48:57] VENDA FÁBRICA - ID: 425, Tipo: SEDAN, Cor: Azul, Estação: 1, Funcionário: 2, Posição Esteira Fábrica: 24, Loja: 0, Posição Esteira Loja: 25
[2025-04-08 00:48:57] VENDA FÁBRICA - ID: 426, Tipo: SUV, Cor: Vermelho, Estação: 2, Funcionário: 3, Posição Esteira Fábrica: 25, Loja: 2, Posição Esteira Loja: 18
[2025-04-08 00:48:57] VENDA FÁBRICA - ID: 427, Tipo: SEDAN, Cor: Verde, Estação: 0, Funcionário: 4, Posição Esteira Fábrica: 26, Loja: 1, Posição Esteira Loja: 21
[2025-04-08 00:48:57] VENDA FÁBRICA - ID: 428, Tipo: SUV, Cor: Azul, Estação: 3, Funcionário: 2, Posição Esteira Fábrica: 27, Loja: 2, Posição Esteira Loja: 19
[2025-04-08 00:48:58] VENDA FÁBRICA - ID: 429, Tipo: SEDAN, Cor: Vermelho, Estação: 1, Funcionário: 0, Posição Esteira Fábrica: 28, Loja: 0, Posição Esteira Loja: 26
[2025-04-08 00:48:58] VENDA FÁBRICA - ID: 430, Tipo: SUV, Cor: Verde, Estação: 3, Funcionário: 0, Posição Esteira Fábrica: 29, Loja: 1, Posição Esteira Loja: 22
[2025-04-08 00:48:58] VENDA FÁBRICA - ID: 432, Tipo: SUV, Cor: Vermelho, Estação: 0, Funcionário: 2, Posição Esteira Fábrica: 30, Loja: 2, Posição Esteira Loja: 20
[2025-04-08 00:48:58] VENDA FÁBRICA - ID: 431, Tipo: SEDAN, Cor: Azul, Estação: 2, Funcionário: 0, Posição Esteira Fábrica: 31, Loja: 0, Posição Esteira Loja: 27
[2025-04-08 00:48:59] VENDA FÁBRICA - ID: 433, Tipo: SEDAN, Cor: Verde, Estação: 1, Funcionário: 3, Posição Esteira Fábrica: 32, Loja: 1, Posição Esteira Loja: 23
[2025-04-08 00:48:59] VENDA FÁBRICA - ID: 434, Tipo: SUV, Cor: Azul, Estação: 2, Funcionário: 2, Posição Esteira Fábrica: 33, Loja: 2, Posição Esteira Loja: 21
[2025-04-08 00:48:59] VENDA FÁBRICA - ID: 435, Tipo: SEDAN, Cor: Vermelho, Estação: 0, Funcionário: 0, Posição Esteira Fábrica: 34, Loja: 0, Posição Esteira Loja: 28
[2025-04-08 00:48:59] VENDA FÁBRICA - ID: 436, Tipo: SUV, Cor: Verde, Estação: 3, Funcionário: 3, Posição Esteira Fábrica: 35, Loja: 2, Posição Esteira Loja: 22
[2025-04-08 00:49:00] VENDA FÁBRICA - ID: 437, Tipo: SEDAN, Cor: Azul, Estação: 1, Funcionário: 1, Posição Esteira Fábrica: 36, Loja: 1, Posição Esteira Loja: 24
[2025-04-08 00:49:00] VENDA FÁBRICA - ID: 438, Tipo: SUV, Cor: Vermelho, Estação: 3, Funcionário: 1, Posição Esteira Fábrica: 37, Loja: 2, Posição Esteira Loja: 23
[2025-04-08 00:49:00] VENDA FÁBRICA - ID: 440, Tipo: SUV, Cor: Azul, Estação: 2, Funcionário: 4, Posição Esteira Fábrica: 38, Loja: 0, Posição Esteira Loja: 29
[2025-04-08 00:49:00] VENDA FÁBRICA - ID: 439, Tipo: SEDAN, Cor: Verde, Estação: 0, Funcionário: 3, Posição Esteira Fábrica: 39, Loja: 1, Posição Esteira Loja: 25
[2025-04-08 00:49:01] VENDA FÁBRICA - ID: 441, Tipo: SEDAN, Cor: Vermelho, Estação: 1, Funcionário: 4, Posição Esteira Fábrica: 0, Loja: 2, Posição Esteira Loja: 24
[2025-04-08 00:49:01] VENDA FÁBRICA - ID: 442, Tipo: SUV, Cor: Verde, Estação: 2, Funcionário: 1, Posição Esteira Fábrica: 1, Loja: 0, Posição Esteira Loja: 30
[2025-04-08 00:49:01] VENDA FÁBRICA - ID: 443, Tipo: SEDAN, Cor: Azul, Estação: 0, Funcionário: 1, Posição Esteira Fábrica: 2, Loja: 1, Posição Esteira Loja: 26
[2025-04-08 00:49:02] VENDA FÁBRICA - ID: 444, Tipo: SUV, Cor: Vermelho, Estação: 3, Funcionário: 4, Posição Esteira Fábrica: 3, Loja: 2, Posição Esteira Loja: 25
[2025-04-08 00:49:02] VENDA FÁBRICA - ID: 445, Tipo: SEDAN, Cor: Verde, Estação: 1, Funcionário: 2, Posição Esteira Fábrica: 4, Loja: 0, Posição Esteira Loja: 31
[2025-04-08 00:49:02] VENDA FÁBRICA - ID: 446, Tipo: SUV, Cor: Azul, Estação: 3, Funcionário: 2, Posição Esteira Fábrica: 5, Loja: 1, Posição Esteira Loja: 27
[2025-04-08 00:49:02] VENDA FÁBRICA - ID: 448, Tipo: SUV, Cor: Verde, Estação: 0, Funcionário: 4, Posição Esteira Fábrica: 6, Loja: 2, Posição Esteira Loja: 26
[2025-04-08 00:49:02] VENDA FÁBRICA - ID: 447, Tipo: SEDAN, Cor: Vermelho, Estação: 2, Funcionário: 3, Posição Esteira Fábrica: 7, Loja: 1, Posição Esteira Loja: 28
[2025-04-08 00:49:03] VENDA FÁBRICA - ID: 449, Tipo: SEDAN, Cor: Azul, Estação: 1, Funcionário: 0, Posição Esteira Fábrica: 8, Loja: 0, Posição Esteira Loja: 32
[2025-04-08 00:49:03] VENDA FÁBRICA - ID: 450, Tipo: SUV, Cor: Vermelho, Estação: 2, Funcionário: 0, Posição Esteira Fábrica: 9, Loja: 2, Posição Esteira Loja: 27
[2025-04-08 00:49:03] VENDA FÁBRICA - ID: 451, Tipo: SEDAN, Cor: Verde, Estação: 0, Funcionário: 2, Posição Esteira Fábrica: 10, Loja: 1, Posição Esteira Loja: 29
[2025-04-08 00:49:03] VENDA FÁBRICA - ID: 452, Tipo: SUV, Cor: Azul, Estação: 3, Funcionário: 0, Posição Esteira Fábrica: 11, Loja: 0, Posição Esteira Loja: 33
[2025-04-08 00:49:04] VENDA FÁBRICA - ID: 453, Tipo: SEDAN, Cor: Vermelho, Estação: 1, Funcionário: 3, Posição Esteira Fábrica: 12, Loja: 0, Posição Esteira Loja: 34
[2025-04-08 00:49:04] VENDA FÁBRICA - ID: 454, Tipo: SUV, Cor: Verde, Estação: 3, Funcionário: 3, Posição Esteira Fábrica: 13, Loja: 2, Posição Esteira Loja: 28
[2025-04-08 00:49:04] VENDA FÁBRICA - ID: 456, Tipo: SUV, Cor: Vermelho, Estação: 2, Funcionário: 2, Posição Esteira Fábrica: 14, Loja: 1, Posição Esteira Loja: 30
[2025-04-08 00:49:05] VENDA FÁBRICA - ID: 455, Tipo: SEDAN, Cor: Azul, Estação: 0, Funcionário: 0, Posição Esteira Fábrica: 15, Loja: 0, Posição Esteira Loja: 35
[2025-04-08 00:49:05] VENDA FÁBRICA - ID: 457, Tipo: SEDAN, Cor: Verde, Estação: 1, Funcionário: 1, Posição Esteira Fábrica: 16, Loja: 2, Posição Esteira Loja: 29
[2025-04-08 00:49:05] VENDA FÁBRICA - ID: 458, Tipo: SUV, Cor: Azul, Estação: 2, Funcionário: 4, Posição Esteira Fábrica: 17, Loja: 1, Posição Esteira Loja: 31
[2025-04-08 00:49:05] VENDA FÁBRICA - ID: 459, Tipo: SEDAN, Cor: Vermelho, Estação: 0, Funcionário: 3, Posição Esteira Fábrica: 18, Loja: 0, Posição Esteira Loja: 36
[2025-04-08 00:49:06] VENDA FÁBRICA - ID: 460, Tipo: SUV, Cor: Verde, Estação: 3, Funcionário: 1, Posição Esteira Fábrica: 19, Loja: 2, Posição Esteira Loja: 30
[2025-04-08 00:49:06] VENDA FÁBRICA - ID: 461, Tipo: SEDAN, Cor: Azul, Estação: 1, Funcionário: 4, Posição Esteira Fábrica: 20, Loja: 1, Posição Esteira Loja: 32
[2025-04-08 00:49:06] VENDA FÁBRICA - ID: 462, Tipo: SUV, Cor: Vermelho, Estação: 3, Funcionário: 4, Posição Esteira Fábrica: 21, Loja: 2, Posição Esteira Loja: 31
[2025-04-08 00:49:06] VENDA FÁBRICA - ID: 464, Tipo: SUV, Cor: Azul, Estação: 2, Funcionário: 1, Posição Esteira Fábrica: 22, Loja: 1, Posição Esteira Loja: 33
[2025-04-08 00:49:06] VENDA FÁBRICA - ID: 463, Tipo: SEDAN, Cor: Verde, Estação: 0, Funcionário: 1, Posição Esteira Fábrica: 23, Loja: 0, Posição Esteira Loja: 37
[2025-04-08 00:49:07] VENDA FÁBRICA - ID: 465, Tipo: SEDAN, Cor: Vermelho, Estação: 1, Funcionário: 2, Posição Esteira Fábrica: 24, Loja: 1, Posição Esteira Loja: 34
[2025-04-08 00:49:07] VENDA FÁBRICA - ID: 466, Tipo: SUV, Cor: Verde, Estação: 2, Funcionário: 3, Posição Esteira Fábrica: 25, Loja: 2, Posição Esteira Loja: 32
[2025-04-08 00:49:07] VENDA FÁBRICA - ID: 467, Tipo: SEDAN, Cor: Azul, Estação: 0, Funcionário: 4, Posição Esteira Fábrica: 26, Loja: 0, Posição Esteira Loja: 38
[2025-04-08 00:49:08] VENDA FÁBRICA - ID: 468, Tipo: SUV, Cor: Vermelho, Estação: 3, Funcionário: 2, Posição Esteira Fábrica: 27, Loja: 1, Posição Esteira Loja: 35
[2025-04-08 00:49:08] VENDA FÁBRICA - ID: 469, Tipo: SEDAN, Cor: Verde, Estação: 1, Funcionário: 0, Posição Esteira Fábrica: 28, Loja: 2, Posição Esteira Loja: 33
[2025-04-08 00:49:08] VENDA FÁBRICA - ID: 470, Tipo: SUV, Cor: Azul, Estação: 3, Funcionário: 0, Posição Esteira Fábrica: 29, Loja: 0, Posição Esteira Loja: 39
[2025-04-08 00:49:08] VENDA FÁBRICA - ID: 472, Tipo: SUV, Cor: Verde, Estação: 0, Funcionário: 2, Posição Esteira Fábrica: 30, Loja: 1, Posição Esteira Loja: 36
[2025-04-08 00:49:08] VENDA FÁBRICA - ID: 471, Tipo: SEDAN, Cor: Vermelho, Estação: 2, Funcionário: 0, Posição Esteira Fábrica: 31, Loja: 2, Posição Esteira Loja: 34
[2025-04-08 00:49:09] VENDA FÁBRICA - ID: 473, Tipo: SEDAN, Cor: Azul, Estação: 2, Funcionário: 2, Posição Esteira Fábrica: 32, Loja: 0, Posição Esteira Loja: 0
[2025-04-08 00:49:09] VENDA FÁBRICA - ID: 474, Tipo: SUV, Cor: Vermelho, Estação: 1, Funcionário: 3, Posição Esteira Fábrica: 33, Loja: 2, Posição Esteira Loja: 35
[2025-04-08 00:49:09] VENDA FÁBRICA - ID: 475, Tipo: SEDAN, Cor: Verde, Estação: 0, Funcionário: 0, Posição Esteira Fábrica: 34, Loja: 1, Posição Esteira Loja: 37
[2025-04-08 00:49:09] VENDA FÁBRICA - ID: 476, Tipo: SUV, Cor: Azul, Estação: 3, Funcionário: 3, Posição Esteira Fábrica: 35, Loja: 0, Posição Esteira Loja: 1
[2025-04-08 00:49:10] VENDA FÁBRICA - ID: 477, Tipo: SEDAN, Cor: Vermelho, Estação: 1, Funcionário: 1, Posição Esteira Fábrica: 36, Loja: 2, Posição Esteira Loja: 36
[2025-04-08 00:49:10] VENDA FÁBRICA - ID: 478, Tipo: SUV, Cor: Verde, Estação: 3, Funcionário: 1, Posição Esteira Fábrica: 37, Loja: 1, Posição Esteira Loja: 38
[2025-04-08 00:49:10] VENDA FÁBRICA - ID: 480, Tipo: SUV, Cor: Vermelho, Estação: 2, Funcionário: 4, Posição Esteira Fábrica: 38, Loja: 0, Posição Esteira Loja: 2
[2025-04-08 00:49:10] VENDA FÁBRICA - ID: 479, Tipo: SEDAN, Cor: Azul, Estação: 0, Funcionário: 3, Posição Esteira Fábrica: 39, Loja: 2, Posição Esteira Loja: 37
[2025-04-08 00:49:11] VENDA FÁBRICA - ID: 481, Tipo: SEDAN, Cor: Verde, Estação: 2, Funcionário: 1, Posição Esteira Fábrica: 0, Loja: 0, Posição Esteira Loja: 3
[2025-04-08 00:49:11] VENDA FÁBRICA - ID: 482, Tipo: SUV, Cor: Azul, Estação: 1, Funcionário: 4, Posição Esteira Fábrica: 1, Loja: 1, Posição Esteira Loja: 39
[2025-04-08 00:49:11] VENDA FÁBRICA - ID: 483, Tipo: SEDAN, Cor: Vermelho, Estação: 0, Funcionário: 1, Posição Esteira Fábrica: 2, Loja: 2, Posição Esteira Loja: 38
[2025-04-08 00:49:11] VENDA FÁBRICA - ID: 484, Tipo: SUV, Cor: Verde, Estação: 3, Funcionário: 4, Posição Esteira Fábrica: 3, Loja: 0, Posição Esteira Loja: 4
[2025-04-08 00:49:12] VENDA FÁBRICA - ID: 485, Tipo: SEDAN, Cor: Azul, Estação: 1, Funcionário: 2, Posição Esteira Fábrica: 4, Loja: 1, Posição Esteira Loja: 0
[2025-04-08 00:49:12] VENDA FÁBRICA - ID: 486, Tipo: SUV, Cor: Vermelho, Estação: 3, Funcionário: 2, Posição Esteira Fábrica: 5, Loja: 2, Posição Esteira Loja: 39
[2025-04-08 00:49:12] VENDA FÁBRICA - ID: 487, Tipo: SEDAN, Cor: Verde, Estação: 2, Funcionário: 3, Posição Esteira Fábrica: 6, Loja: 0, Posição Esteira Loja: 5
[2025-04-08 00:49:12] VENDA FÁBRICA - ID: 488, Tipo: SUV, Cor: Azul, Estação: 0, Funcionário: 4, Posição Esteira Fábrica: 7, Loja: 2, Posição Esteira Loja: 0
[2025-04-08 00:49:12] VENDA FÁBRICA - ID: 490, Tipo: SUV, Cor: Verde, Estação: 1, Funcionário: 0, Posição Esteira Fábrica: 8, Loja: 1, Posição Esteira Loja: 1
[2025-04-08 00:49:13] VENDA FÁBRICA - ID: 489, Tipo: SEDAN, Cor: Vermelho, Estação: 2, Funcionário: 0, Posição Esteira Fábrica: 9, Loja: 0, Posição Esteira Loja: 6
[2025-04-08 00:49:13] VENDA FÁBRICA - ID: 491, Tipo: SEDAN, Cor: Azul, Estação: 0, Funcionário: 2, Posição Esteira Fábrica: 10, Loja: 1, Posição Esteira Loja: 2
[2025-04-08 00:49:13] VENDA FÁBRICA - ID: 492, Tipo: SUV, Cor: Vermelho, Estação: 3, Funcionário: 0, Posição Esteira Fábrica: 11, Loja: 2, Posição Esteira Loja: 1
[2025-04-08 00:49:14] VENDA FÁBRICA - ID: 493, Tipo: SEDAN, Cor: Verde, Estação: 1, Funcionário: 3, Posição Esteira Fábrica: 12, Loja: 0, Posição Esteira Loja: 7
[2025-04-08 00:49:14] VENDA FÁBRICA - ID: 494, Tipo: SUV, Cor: Azul, Estação: 3, Funcionário: 3, Posição Esteira Fábrica: 13, Loja: 1, Posição Esteira Loja: 3
[2025-04-08 00:49:14] VENDA FÁBRICA - ID: 495, Tipo: SEDAN, Cor: Vermelho, Estação: 2, Funcionário: 2, Posição Esteira Fábrica: 14, Loja: 2, Posição Esteira Loja: 2
[2025-04-08 00:49:15] VENDA FÁBRICA - ID: 496, Tipo: SUV, Cor: Verde, Estação: 0, Funcionário: 0, Posição Esteira Fábrica: 15, Loja: 2, Posição Esteira Loja: 3
[2025-04-08 00:49:15] VENDA FÁBRICA - ID: 498, Tipo: SUV, Cor: Vermelho, Estação: 2, Funcionário: 4, Posição Esteira Fábrica: 16, Loja: 0, Posição Esteira Loja: 8
[2025-04-08 00:49:15] VENDA FÁBRICA - ID: 497, Tipo: SEDAN, Cor: Azul, Estação: 1, Funcionário: 1, Posição Esteira Fábrica: 17, Loja: 1, Posição Esteira Loja: 4
[2025-04-08 00:49:15] VENDA FÁBRICA - ID: 499, Tipo: SEDAN, Cor: Verde, Estação: 0, Funcionário: 3, Posição Esteira Fábrica: 18, Loja: 0, Posição Esteira Loja: 9
[2025-04-08 00:49:15] VENDA FÁBRICA - ID: 500, Tipo: SUV, Cor: Azul, Estação: 3, Funcionário: 1, Posição Esteira Fábrica: 19, Loja: 1, Posição Esteira Loja: 5
