[2025-04-07 13:51:02] VENDA LOJA 0 - ID: 8, Tipo: SUV, Cor: Azul, Estação: 1, Funcionário: 0, Posição Esteira Loja: 0, Cliente: 10
[2025-04-07 13:51:03] VENDA LOJA 0 - ID: 2, Tipo: SUV, Cor: Azul, Estação: 2, Funcionário: 3, Posição Esteira Loja: 1, Cliente: 15
[2025-04-07 13:51:04] VENDA LOJA 0 - ID: 6, Tipo: SUV, Cor: Vermelho, Estação: 3, Funcionário: 3, Posição Esteira Loja: 2, Cliente: 9
[2025-04-07 13:51:04] VENDA LOJA 0 - ID: 16, Tipo: SUV, Cor: Verde, Estação: 1, Funcionário: 3, Posição Esteira Loja: 3, Cliente: 11
[2025-04-07 13:51:05] VENDA LOJA 0 - ID: 11, Tipo: SEDAN, Cor: Azul, Estação: 3, Funcionário: 0, Posição Esteira Loja: 4, Cliente: 5
[2025-04-07 13:51:06] VENDA LOJA 0 - ID: 17, Tipo: SEDAN, Cor: Azul, Estação: 0, Funcionário: 3, Posição Esteira Loja: 5, Cliente: 8
[2025-04-07 13:51:07] VENDA LOJA 0 - ID: 20, Tipo: SUV, Cor: Azul, Estação: 3, Funcionário: 4, Posição Esteira Loja: 6, Cliente: 15
[2025-04-07 13:51:07] VENDA LOJA 0 - ID: 22, Tipo: SUV, Cor: Verde, Estação: 1, Funcionário: 2, Posição Esteira Loja: 7, Cliente: 18
[2025-04-07 13:51:08] VENDA LOJA 0 - ID: 26, Tipo: SUV, Cor: Azul, Estação: 2, Funcionário: 3, Posição Esteira Loja: 8, Cliente: 12
[2025-04-07 13:51:09] VENDA LOJA 0 - ID: 27, Tipo: SEDAN, Cor: Vermelho, Estação: 1, Funcionário: 0, Posição Esteira Loja: 9, Cliente: 6
[2025-04-07 13:51:10] VENDA LOJA 0 - ID: 32, Tipo: SUV, Cor: Azul, Estação: 1, Funcionário: 3, Posição Esteira Loja: 10, Cliente: 11
[2025-04-07 13:51:10] VENDA LOJA 0 - ID: 34, Tipo: SUV, Cor: Verde, Estação: 2, Funcionário: 2, Posição Esteira Loja: 11, Cliente: 4
[2025-04-07 13:51:12] VENDA LOJA 0 - ID: 36, Tipo: SUV, Cor: Vermelho, Estação: 1, Funcionário: 1, Posição Esteira Loja: 12, Cliente: 15
[2025-04-07 13:51:12] VENDA LOJA 0 - ID: 37, Tipo: SEDAN, Cor: Verde, Estação: 1, Funcionário: 4, Posição Esteira Loja: 13, Cliente: 10
[2025-04-07 13:51:12] VENDA LOJA 0 - ID: 42, Tipo: SUV, Cor: Vermelho, Estação: 2, Funcionário: 1, Posição Esteira Loja: 14, Cliente: 0
[2025-04-07 13:51:13] VENDA LOJA 0 - ID: 43, Tipo: SEDAN, Cor: Verde, Estação: 3, Funcionário: 1, Posição Esteira Loja: 15, Cliente: 13
[2025-04-07 13:51:14] VENDA LOJA 0 - ID: 45, Tipo: SEDAN, Cor: Vermelho, Estação: 2, Funcionário: 3, Posição Esteira Loja: 16, Cliente: 16
[2025-04-07 13:51:14] VENDA LOJA 0 - ID: 50, Tipo: SUV, Cor: Azul, Estação: 2, Funcionário: 0, Posição Esteira Loja: 17, Cliente: 13
[2025-04-07 13:51:15] VENDA LOJA 0 - ID: 51, Tipo: SEDAN, Cor: Vermelho, Estação: 3, Funcionário: 0, Posição Esteira Loja: 18, Cliente: 1
[2025-04-07 13:51:16] VENDA LOJA 0 - ID: 54, Tipo: SUV, Cor: Vermelho, Estação: 2, Funcionário: 2, Posição Esteira Loja: 19, Cliente: 5
[2025-04-07 13:51:17] VENDA LOJA 0 - ID: 59, Tipo: SEDAN, Cor: Azul, Estação: 3, Funcionário: 4, Posição Esteira Loja: 20, Cliente: 9
[2025-04-07 13:51:17] VENDA LOJA 0 - ID: 61, Tipo: SEDAN, Cor: Verde, Estação: 2, Funcionário: 1, Posição Esteira Loja: 21, Cliente: 11
[2025-04-07 13:51:18] VENDA LOJA 0 - ID: 65, Tipo: SEDAN, Cor: Azul, Estação: 0, Funcionário: 4, Posição Esteira Loja: 22, Cliente: 3
[2025-04-07 13:51:19] VENDA LOJA 0 - ID: 67, Tipo: SEDAN, Cor: Verde, Estação: 3, Funcionário: 3, Posição Esteira Loja: 23, Cliente: 19
[2025-04-07 13:51:20] VENDA LOJA 0 - ID: 71, Tipo: SEDAN, Cor: Azul, Estação: 1, Funcionário: 3, Posição Esteira Loja: 24, Cliente: 14
[2025-04-07 13:51:20] VENDA LOJA 0 - ID: 74, Tipo: SUV, Cor: Azul, Estação: 2, Funcionário: 2, Posição Esteira Loja: 25, Cliente: 4
[2025-04-07 13:51:21] VENDA LOJA 0 - ID: 75, Tipo: SEDAN, Cor: Vermelho, Estação: 3, Funcionário: 2, Posição Esteira Loja: 26, Cliente: 17
[2025-04-07 13:51:22] VENDA LOJA 0 - ID: 80, Tipo: SUV, Cor: Azul, Estação: 0, Funcionário: 3, Posição Esteira Loja: 27, Cliente: 3
[2025-04-07 13:51:22] VENDA LOJA 0 - ID: 82, Tipo: SUV, Cor: Verde, Estação: 2, Funcionário: 1, Posição Esteira Loja: 28, Cliente: 6
[2025-04-07 13:51:23] VENDA LOJA 0 - ID: 85, Tipo: SEDAN, Cor: Verde, Estação: 3, Funcionário: 3, Posição Esteira Loja: 29, Cliente: 13
[2025-04-07 13:51:24] VENDA LOJA 0 - ID: 86, Tipo: SUV, Cor: Azul, Estação: 2, Funcionário: 3, Posição Esteira Loja: 30, Cliente: 10
[2025-04-07 13:51:24] VENDA LOJA 0 - ID: 89, Tipo: SEDAN, Cor: Azul, Estação: 2, Funcionário: 0, Posição Esteira Loja: 31, Cliente: 8
[2025-04-07 13:51:25] VENDA LOJA 0 - ID: 93, Tipo: SEDAN, Cor: Vermelho, Estação: 0, Funcionário: 0, Posição Esteira Loja: 32, Cliente: 0
[2025-04-07 13:51:26] VENDA LOJA 0 - ID: 96, Tipo: SUV, Cor: Vermelho, Estação: 1, Funcionário: 1, Posição Esteira Loja: 33, Cliente: 5
[2025-04-07 13:51:26] VENDA LOJA 0 - ID: 99, Tipo: SEDAN, Cor: Vermelho, Estação: 1, Funcionário: 4, Posição Esteira Loja: 34, Cliente: 14
[2025-04-07 13:51:27] VENDA LOJA 0 - ID: 102, Tipo: SUV, Cor: Vermelho, Estação: 3, Funcionário: 1, Posição Esteira Loja: 35, Cliente: 16
[2025-04-07 13:51:28] VENDA LOJA 0 - ID: 105, Tipo: SEDAN, Cor: Vermelho, Estação: 2, Funcionário: 3, Posição Esteira Loja: 36, Cliente: 4
[2025-04-07 13:51:29] VENDA LOJA 0 - ID: 107, Tipo: SEDAN, Cor: Azul, Estação: 1, Funcionário: 0, Posição Esteira Loja: 37, Cliente: 12
[2025-04-07 13:51:29] VENDA LOJA 0 - ID: 110, Tipo: SUV, Cor: Azul, Estação: 3, Funcionário: 0, Posição Esteira Loja: 38, Cliente: 15
[2025-04-07 13:51:30] VENDA LOJA 0 - ID: 114, Tipo: SUV, Cor: Vermelho, Estação: 0, Funcionário: 0, Posição Esteira Loja: 39, Cliente: 16
[2025-04-07 13:51:31] VENDA LOJA 0 - ID: 116, Tipo: SUV, Cor: Azul, Estação: 3, Funcionário: 2, Posição Esteira Loja: 0, Cliente: 18
[2025-04-07 13:51:31] VENDA LOJA 0 - ID: 120, Tipo: SUV, Cor: Vermelho, Estação: 2, Funcionário: 4, Posição Esteira Loja: 1, Cliente: 12
[2025-04-07 13:51:32] VENDA LOJA 0 - ID: 122, Tipo: SUV, Cor: Azul, Estação: 0, Funcionário: 1, Posição Esteira Loja: 2, Cliente: 13
[2025-04-07 13:51:33] VENDA LOJA 0 - ID: 124, Tipo: SUV, Cor: Verde, Estação: 3, Funcionário: 1, Posição Esteira Loja: 3, Cliente: 2
[2025-04-07 13:51:33] VENDA LOJA 0 - ID: 126, Tipo: SUV, Cor: Vermelho, Estação: 3, Funcionário: 3, Posição Esteira Loja: 4, Cliente: 7
[2025-04-07 13:51:34] VENDA LOJA 0 - ID: 129, Tipo: SEDAN, Cor: Vermelho, Estação: 2, Funcionário: 0, Posição Esteira Loja: 5, Cliente: 14
[2025-04-07 13:51:35] VENDA LOJA 0 - ID: 132, Tipo: SUV, Cor: Vermelho, Estação: 1, Funcionário: 3, Posição Esteira Loja: 6, Cliente: 0
[2025-04-07 13:51:36] VENDA LOJA 0 - ID: 136, Tipo: SUV, Cor: Verde, Estação: 1, Funcionário: 1, Posição Esteira Loja: 7, Cliente: 18
[2025-04-07 13:51:37] VENDA LOJA 0 - ID: 139, Tipo: SEDAN, Cor: Verde, Estação: 1, Funcionário: 4, Posição Esteira Loja: 8, Cliente: 6
[2025-04-07 13:51:37] VENDA LOJA 0 - ID: 142, Tipo: SUV, Cor: Verde, Estação: 0, Funcionário: 1, Posição Esteira Loja: 9, Cliente: 16
[2025-04-07 13:51:38] VENDA LOJA 0 - ID: 144, Tipo: SUV, Cor: Vermelho, Estação: 1, Funcionário: 2, Posição Esteira Loja: 10, Cliente: 15
[2025-04-07 13:51:39] VENDA LOJA 0 - ID: 148, Tipo: SUV, Cor: Verde, Estação: 3, Funcionário: 3, Posição Esteira Loja: 11, Cliente: 17
[2025-04-07 13:51:39] VENDA LOJA 0 - ID: 149, Tipo: SEDAN, Cor: Azul, Estação: 3, Funcionário: 0, Posição Esteira Loja: 12, Cliente: 19
[2025-04-07 13:51:40] VENDA LOJA 0 - ID: 153, Tipo: SEDAN, Cor: Vermelho, Estação: 2, Funcionário: 2, Posição Esteira Loja: 13, Cliente: 12
[2025-04-07 13:51:41] VENDA LOJA 0 - ID: 155, Tipo: SEDAN, Cor: Azul, Estação: 1, Funcionário: 1, Posição Esteira Loja: 14, Cliente: 8
[2025-04-07 13:51:41] VENDA LOJA 0 - ID: 158, Tipo: SUV, Cor: Azul, Estação: 0, Funcionário: 3, Posição Esteira Loja: 15, Cliente: 11
[2025-04-07 13:51:42] VENDA LOJA 0 - ID: 159, Tipo: SEDAN, Cor: Vermelho, Estação: 1, Funcionário: 4, Posição Esteira Loja: 16, Cliente: 1
[2025-04-07 13:51:43] VENDA LOJA 0 - ID: 163, Tipo: SEDAN, Cor: Verde, Estação: 1, Funcionário: 2, Posição Esteira Loja: 17, Cliente: 2
[2025-04-07 13:51:44] VENDA LOJA 0 - ID: 168, Tipo: SUV, Cor: Vermelho, Estação: 2, Funcionário: 3, Posição Esteira Loja: 18, Cliente: 10
[2025-04-07 13:51:44] VENDA LOJA 0 - ID: 169, Tipo: SEDAN, Cor: Verde, Estação: 2, Funcionário: 0, Posição Esteira Loja: 19, Cliente: 9
[2025-04-07 13:51:45] VENDA LOJA 0 - ID: 171, Tipo: SEDAN, Cor: Vermelho, Estação: 3, Funcionário: 0, Posição Esteira Loja: 20, Cliente: 5
[2025-04-07 13:51:45] VENDA LOJA 0 - ID: 174, Tipo: SUV, Cor: Vermelho, Estação: 0, Funcionário: 0, Posição Esteira Loja: 21, Cliente: 3
[2025-04-07 13:51:46] VENDA LOJA 0 - ID: 177, Tipo: SEDAN, Cor: Vermelho, Estação: 2, Funcionário: 4, Posição Esteira Loja: 22, Cliente: 8
[2025-04-07 13:51:47] VENDA LOJA 0 - ID: 180, Tipo: SUV, Cor: Vermelho, Estação: 3, Funcionário: 4, Posição Esteira Loja: 23, Cliente: 13
[2025-04-07 13:51:48] VENDA LOJA 0 - ID: 183, Tipo: SEDAN, Cor: Vermelho, Estação: 1, Funcionário: 2, Posição Esteira Loja: 24, Cliente: 6
[2025-04-07 13:51:48] VENDA LOJA 0 - ID: 186, Tipo: SUV, Cor: Vermelho, Estação: 0, Funcionário: 4, Posição Esteira Loja: 25, Cliente: 15
[2025-04-07 13:51:49] VENDA LOJA 0 - ID: 189, Tipo: SEDAN, Cor: Vermelho, Estação: 3, Funcionário: 0, Posição Esteira Loja: 26, Cliente: 17
[2025-04-07 13:51:50] VENDA LOJA 0 - ID: 192, Tipo: SUV, Cor: Vermelho, Estação: 1, Funcionário: 3, Posição Esteira Loja: 27, Cliente: 0
[2025-04-07 13:51:50] VENDA LOJA 0 - ID: 195, Tipo: SEDAN, Cor: Vermelho, Estação: 1, Funcionário: 1, Posição Esteira Loja: 28, Cliente: 3
[2025-04-07 13:51:51] VENDA LOJA 0 - ID: 197, Tipo: SEDAN, Cor: Azul, Estação: 3, Funcionário: 4, Posição Esteira Loja: 29, Cliente: 11
[2025-04-07 13:51:52] VENDA LOJA 0 - ID: 200, Tipo: SUV, Cor: Azul, Estação: 1, Funcionário: 4, Posição Esteira Loja: 30, Cliente: 12
[2025-04-07 13:51:53] VENDA LOJA 0 - ID: 203, Tipo: SEDAN, Cor: Azul, Estação: 1, Funcionário: 2, Posição Esteira Loja: 31, Cliente: 1
[2025-04-07 13:51:53] VENDA LOJA 0 - ID: 207, Tipo: SEDAN, Cor: Vermelho, Estação: 2, Funcionário: 3, Posição Esteira Loja: 32, Cliente: 14
[2025-04-07 13:51:54] VENDA LOJA 0 - ID: 210, Tipo: SUV, Cor: Vermelho, Estação: 0, Funcionário: 2, Posição Esteira Loja: 33, Cliente: 18
[2025-04-07 13:51:55] VENDA LOJA 0 - ID: 212, Tipo: SUV, Cor: Azul, Estação: 3, Funcionário: 0, Posição Esteira Loja: 34, Cliente: 10
[2025-04-07 13:51:55] VENDA LOJA 0 - ID: 215, Tipo: SEDAN, Cor: Azul, Estação: 2, Funcionário: 2, Posição Esteira Loja: 35, Cliente: 7
[2025-04-07 13:51:56] VENDA LOJA 0 - ID: 219, Tipo: SEDAN, Cor: Vermelho, Estação: 1, Funcionário: 4, Posição Esteira Loja: 36, Cliente: 19
[2025-04-07 13:51:57] VENDA LOJA 0 - ID: 220, Tipo: SUV, Cor: Verde, Estação: 3, Funcionário: 4, Posição Esteira Loja: 37, Cliente: 16
[2025-04-07 13:51:58] VENDA LOJA 0 - ID: 225, Tipo: SEDAN, Cor: Vermelho, Estação: 2, Funcionário: 3, Posição Esteira Loja: 38, Cliente: 8
[2025-04-07 13:51:59] VENDA LOJA 0 - ID: 228, Tipo: SUV, Cor: Vermelho, Estação: 3, Funcionário: 3, Posição Esteira Loja: 39, Cliente: 17
[2025-04-07 13:52:00] VENDA LOJA 0 - ID: 231, Tipo: SEDAN, Cor: Vermelho, Estação: 1, Funcionário: 3, Posição Esteira Loja: 0, Cliente: 9
[2025-04-07 13:52:01] VENDA LOJA 0 - ID: 235, Tipo: SEDAN, Cor: Verde, Estação: 1, Funcionário: 1, Posição Esteira Loja: 1, Cliente: 0
[2025-04-07 13:52:01] VENDA LOJA 0 - ID: 238, Tipo: SUV, Cor: Verde, Estação: 0, Funcionário: 3, Posição Esteira Loja: 2, Cliente: 18
[2025-04-07 13:52:02] VENDA LOJA 0 - ID: 243, Tipo: SEDAN, Cor: Vermelho, Estação: 1, Funcionário: 2, Posição Esteira Loja: 3, Cliente: 5
[2025-04-07 13:52:03] VENDA LOJA 0 - ID: 246, Tipo: SUV, Cor: Vermelho, Estação: 0, Funcionário: 4, Posição Esteira Loja: 4, Cliente: 14
[2025-04-07 13:52:04] VENDA LOJA 0 - ID: 249, Tipo: SEDAN, Cor: Vermelho, Estação: 2, Funcionário: 0, Posição Esteira Loja: 5, Cliente: 16
[2025-04-07 13:52:05] VENDA LOJA 0 - ID: 252, Tipo: SUV, Cor: Vermelho, Estação: 3, Funcionário: 0, Posição Esteira Loja: 6, Cliente: 1
[2025-04-07 13:52:06] VENDA LOJA 0 - ID: 255, Tipo: SEDAN, Cor: Vermelho, Estação: 1, Funcionário: 1, Posição Esteira Loja: 7, Cliente: 6
[2025-04-07 13:52:06] VENDA LOJA 0 - ID: 258, Tipo: SUV, Cor: Vermelho, Estação: 0, Funcionário: 3, Posição Esteira Loja: 8, Cliente: 9
[2025-04-07 13:52:07] VENDA LOJA 0 - ID: 261, Tipo: SEDAN, Cor: Vermelho, Estação: 3, Funcionário: 1, Posição Esteira Loja: 9, Cliente: 13
[2025-04-07 13:52:07] VENDA LOJA 0 - ID: 264, Tipo: SUV, Cor: Vermelho, Estação: 2, Funcionário: 1, Posição Esteira Loja: 10, Cliente: 3
[2025-04-07 13:52:08] VENDA LOJA 0 - ID: 265, Tipo: SEDAN, Cor: Verde, Estação: 2, Funcionário: 3, Posição Esteira Loja: 11, Cliente: 7
[2025-04-07 13:52:09] VENDA LOJA 0 - ID: 269, Tipo: SEDAN, Cor: Azul, Estação: 3, Funcionário: 0, Posição Esteira Loja: 12, Cliente: 12
[2025-04-07 13:52:09] VENDA LOJA 0 - ID: 272, Tipo: SUV, Cor: Azul, Estação: 2, Funcionário: 0, Posição Esteira Loja: 13, Cliente: 4
[2025-04-07 13:52:10] VENDA LOJA 0 - ID: 275, Tipo: SEDAN, Cor: Azul, Estação: 1, Funcionário: 1, Posição Esteira Loja: 14, Cliente: 15
[2025-04-07 13:52:11] VENDA LOJA 0 - ID: 278, Tipo: SUV, Cor: Azul, Estação: 0, Funcionário: 3, Posição Esteira Loja: 15, Cliente: 10
[2025-04-07 13:52:12] VENDA LOJA 0 - ID: 281, Tipo: SEDAN, Cor: Azul, Estação: 2, Funcionário: 1, Posição Esteira Loja: 16, Cliente: 18
[2025-04-07 13:52:13] VENDA LOJA 0 - ID: 284, Tipo: SUV, Cor: Azul, Estação: 3, Funcionário: 1, Posição Esteira Loja: 17, Cliente: 3
[2025-04-07 13:52:14] VENDA LOJA 0 - ID: 286, Tipo: SUV, Cor: Verde, Estação: 0, Funcionário: 4, Posição Esteira Loja: 18, Cliente: 16
[2025-04-07 13:52:14] VENDA LOJA 0 - ID: 289, Tipo: SEDAN, Cor: Verde, Estação: 2, Funcionário: 0, Posição Esteira Loja: 19, Cliente: 8
[2025-04-07 13:52:15] VENDA LOJA 0 - ID: 292, Tipo: SUV, Cor: Verde, Estação: 3, Funcionário: 0, Posição Esteira Loja: 20, Cliente: 17
[2025-04-07 13:52:16] VENDA LOJA 0 - ID: 295, Tipo: SEDAN, Cor: Verde, Estação: 0, Funcionário: 0, Posição Esteira Loja: 21, Cliente: 14
[2025-04-07 13:52:16] VENDA LOJA 0 - ID: 297, Tipo: SEDAN, Cor: Vermelho, Estação: 2, Funcionário: 4, Posição Esteira Loja: 22, Cliente: 6
[2025-04-07 13:52:17] VENDA LOJA 0 - ID: 300, Tipo: SUV, Cor: Vermelho, Estação: 3, Funcionário: 4, Posição Esteira Loja: 23, Cliente: 2
[2025-04-07 13:52:18] VENDA LOJA 0 - ID: 303, Tipo: SEDAN, Cor: Vermelho, Estação: 0, Funcionário: 1, Posição Esteira Loja: 24, Cliente: 12
[2025-04-07 13:52:18] VENDA LOJA 0 - ID: 306, Tipo: SUV, Cor: Vermelho, Estação: 1, Funcionário: 0, Posição Esteira Loja: 25, Cliente: 4
[2025-04-07 13:52:19] VENDA LOJA 0 - ID: 309, Tipo: SEDAN, Cor: Vermelho, Estação: 3, Funcionário: 0, Posição Esteira Loja: 26, Cliente: 9
[2025-04-07 13:52:20] VENDA LOJA 0 - ID: 311, Tipo: SEDAN, Cor: Azul, Estação: 0, Funcionário: 2, Posição Esteira Loja: 27, Cliente: 15
[2025-04-07 13:52:21] VENDA LOJA 0 - ID: 314, Tipo: SUV, Cor: Azul, Estação: 1, Funcionário: 1, Posição Esteira Loja: 28, Cliente: 19
[2025-04-07 13:52:21] VENDA LOJA 0 - ID: 317, Tipo: SEDAN, Cor: Azul, Estação: 3, Funcionário: 4, Posição Esteira Loja: 29, Cliente: 18
[2025-04-07 13:52:22] VENDA LOJA 0 - ID: 319, Tipo: SEDAN, Cor: Verde, Estação: 0, Funcionário: 3, Posição Esteira Loja: 30, Cliente: 5
[2025-04-07 13:52:23] VENDA LOJA 0 - ID: 323, Tipo: SEDAN, Cor: Azul, Estação: 0, Funcionário: 1, Posição Esteira Loja: 31, Cliente: 3
[2025-04-07 13:52:23] VENDA LOJA 0 - ID: 326, Tipo: SUV, Cor: Azul, Estação: 1, Funcionário: 0, Posição Esteira Loja: 32, Cliente: 8
[2025-04-07 13:52:24] VENDA LOJA 0 - ID: 328, Tipo: SUV, Cor: Verde, Estação: 2, Funcionário: 3, Posição Esteira Loja: 33, Cliente: 16
[2025-04-07 13:52:25] VENDA LOJA 0 - ID: 330, Tipo: SUV, Cor: Vermelho, Estação: 1, Funcionário: 3, Posição Esteira Loja: 34, Cliente: 6
[2025-04-07 13:52:26] VENDA LOJA 0 - ID: 334, Tipo: SUV, Cor: Verde, Estação: 1, Funcionário: 1, Posição Esteira Loja: 35, Cliente: 14
[2025-04-07 13:52:26] VENDA LOJA 0 - ID: 337, Tipo: SEDAN, Cor: Verde, Estação: 2, Funcionário: 4, Posição Esteira Loja: 36, Cliente: 0
[2025-04-07 13:52:27] VENDA LOJA 0 - ID: 339, Tipo: SEDAN, Cor: Vermelho, Estação: 0, Funcionário: 3, Posição Esteira Loja: 37, Cliente: 8
[2025-04-07 13:52:27] VENDA LOJA 0 - ID: 342, Tipo: SUV, Cor: Vermelho, Estação: 1, Funcionário: 2, Posição Esteira Loja: 38, Cliente: 9
[2025-04-07 13:52:28] VENDA LOJA 0 - ID: 344, Tipo: SUV, Cor: Azul, Estação: 2, Funcionário: 1, Posição Esteira Loja: 39, Cliente: 1
[2025-04-07 13:52:29] VENDA LOJA 0 - ID: 349, Tipo: SEDAN, Cor: Verde, Estação: 3, Funcionário: 0, Posição Esteira Loja: 0, Cliente: 10
[2025-04-07 13:52:30] VENDA LOJA 0 - ID: 351, Tipo: SEDAN, Cor: Vermelho, Estação: 0, Funcionário: 2, Posição Esteira Loja: 1, Cliente: 19
[2025-04-07 13:52:31] VENDA LOJA 0 - ID: 356, Tipo: SUV, Cor: Azul, Estação: 3, Funcionário: 2, Posição Esteira Loja: 2, Cliente: 11
[2025-04-07 13:52:31] VENDA LOJA 0 - ID: 358, Tipo: SUV, Cor: Verde, Estação: 1, Funcionário: 4, Posição Esteira Loja: 3, Cliente: 18
[2025-04-07 13:52:32] VENDA LOJA 0 - ID: 361, Tipo: SEDAN, Cor: Verde, Estação: 2, Funcionário: 1, Posição Esteira Loja: 4, Cliente: 7
[2025-04-07 13:52:33] VENDA LOJA 0 - ID: 363, Tipo: SEDAN, Cor: Vermelho, Estação: 0, Funcionário: 1, Posição Esteira Loja: 5, Cliente: 10
[2025-04-07 13:52:34] VENDA LOJA 0 - ID: 368, Tipo: SUV, Cor: Azul, Estação: 2, Funcionário: 3, Posição Esteira Loja: 6, Cliente: 8
[2025-04-07 13:52:35] VENDA LOJA 0 - ID: 371, Tipo: SEDAN, Cor: Azul, Estação: 0, Funcionário: 2, Posição Esteira Loja: 7, Cliente: 14
[2025-04-07 13:52:36] VENDA LOJA 0 - ID: 375, Tipo: SEDAN, Cor: Vermelho, Estação: 0, Funcionário: 0, Posição Esteira Loja: 8, Cliente: 0
[2025-04-07 13:52:36] VENDA LOJA 0 - ID: 378, Tipo: SUV, Cor: Vermelho, Estação: 1, Funcionário: 4, Posição Esteira Loja: 9, Cliente: 1
[2025-04-07 13:52:37] VENDA LOJA 0 - ID: 381, Tipo: SEDAN, Cor: Vermelho, Estação: 3, Funcionário: 1, Posição Esteira Loja: 10, Cliente: 5
[2025-04-07 13:52:38] VENDA LOJA 0 - ID: 384, Tipo: SUV, Cor: Vermelho, Estação: 2, Funcionário: 1, Posição Esteira Loja: 11, Cliente: 12
[2025-04-07 13:52:39] VENDA LOJA 0 - ID: 387, Tipo: SEDAN, Cor: Vermelho, Estação: 0, Funcionário: 4, Posição Esteira Loja: 12, Cliente: 19
[2025-04-07 13:52:40] VENDA LOJA 0 - ID: 390, Tipo: SUV, Cor: Vermelho, Estação: 1, Funcionário: 3, Posição Esteira Loja: 13, Cliente: 4
[2025-04-07 13:52:40] VENDA LOJA 0 - ID: 392, Tipo: SUV, Cor: Azul, Estação: 2, Funcionário: 0, Posição Esteira Loja: 14, Cliente: 11
[2025-04-07 13:52:41] VENDA LOJA 0 - ID: 395, Tipo: SEDAN, Cor: Azul, Estação: 0, Funcionário: 0, Posição Esteira Loja: 15, Cliente: 17
[2025-04-07 13:52:42] VENDA LOJA 0 - ID: 399, Tipo: SEDAN, Cor: Vermelho, Estação: 0, Funcionário: 3, Posição Esteira Loja: 16, Cliente: 3
[2025-04-07 13:52:43] VENDA LOJA 0 - ID: 403, Tipo: SEDAN, Cor: Verde, Estação: 1, Funcionário: 2, Posição Esteira Loja: 17, Cliente: 18
[2025-04-07 13:52:44] VENDA LOJA 0 - ID: 406, Tipo: SUV, Cor: Verde, Estação: 1, Funcionário: 0, Posição Esteira Loja: 18, Cliente: 7
[2025-04-07 13:52:44] VENDA LOJA 0 - ID: 408, Tipo: SUV, Cor: Vermelho, Estação: 2, Funcionário: 3, Posição Esteira Loja: 19, Cliente: 10
[2025-04-07 13:52:45] VENDA LOJA 0 - ID: 411, Tipo: SEDAN, Cor: Vermelho, Estação: 0, Funcionário: 2, Posição Esteira Loja: 20, Cliente: 15
[2025-04-07 13:52:46] VENDA LOJA 0 - ID: 415, Tipo: SEDAN, Cor: Verde, Estação: 0, Funcionário: 0, Posição Esteira Loja: 21, Cliente: 9
[2025-04-07 13:52:46] VENDA LOJA 0 - ID: 418, Tipo: SUV, Cor: Verde, Estação: 0, Funcionário: 3, Posição Esteira Loja: 22, Cliente: 17
[2025-04-07 13:52:47] VENDA LOJA 0 - ID: 421, Tipo: SEDAN, Cor: Verde, Estação: 3, Funcionário: 1, Posição Esteira Loja: 23, Cliente: 16
[2025-04-07 13:52:48] VENDA LOJA 0 - ID: 422, Tipo: SUV, Cor: Azul, Estação: 0, Funcionário: 1, Posição Esteira Loja: 24, Cliente: 2
[2025-04-07 13:52:48] VENDA LOJA 0 - ID: 426, Tipo: SUV, Cor: Vermelho, Estação: 0, Funcionário: 4, Posição Esteira Loja: 25, Cliente: 8
[2025-04-07 13:52:49] VENDA LOJA 0 - ID: 429, Tipo: SEDAN, Cor: Vermelho, Estação: 3, Funcionário: 0, Posição Esteira Loja: 26, Cliente: 15
[2025-04-07 13:52:50] VENDA LOJA 0 - ID: 432, Tipo: SUV, Cor: Vermelho, Estação: 2, Funcionário: 0, Posição Esteira Loja: 27, Cliente: 14
[2025-04-07 13:52:51] VENDA LOJA 0 - ID: 435, Tipo: SEDAN, Cor: Vermelho, Estação: 0, Funcionário: 0, Posição Esteira Loja: 28, Cliente: 6
[2025-04-07 13:52:51] VENDA LOJA 0 - ID: 437, Tipo: SEDAN, Cor: Azul, Estação: 3, Funcionário: 4, Posição Esteira Loja: 29, Cliente: 1
[2025-04-07 13:52:52] VENDA LOJA 0 - ID: 439, Tipo: SEDAN, Cor: Verde, Estação: 1, Funcionário: 4, Posição Esteira Loja: 30, Cliente: 8
[2025-04-07 13:52:53] VENDA LOJA 0 - ID: 443, Tipo: SEDAN, Cor: Azul, Estação: 0, Funcionário: 1, Posição Esteira Loja: 31, Cliente: 12
[2025-04-07 13:52:54] VENDA LOJA 0 - ID: 447, Tipo: SEDAN, Cor: Vermelho, Estação: 1, Funcionário: 0, Posição Esteira Loja: 32, Cliente: 19
[2025-04-07 13:52:54] VENDA LOJA 0 - ID: 449, Tipo: SEDAN, Cor: Azul, Estação: 2, Funcionário: 0, Posição Esteira Loja: 33, Cliente: 13
[2025-04-07 13:52:55] VENDA LOJA 0 - ID: 452, Tipo: SUV, Cor: Azul, Estação: 3, Funcionário: 0, Posição Esteira Loja: 34, Cliente: 7
[2025-04-07 13:52:56] VENDA LOJA 0 - ID: 456, Tipo: SUV, Cor: Vermelho, Estação: 2, Funcionário: 2, Posição Esteira Loja: 35, Cliente: 16
[2025-04-07 13:52:57] VENDA LOJA 0 - ID: 459, Tipo: SEDAN, Cor: Vermelho, Estação: 0, Funcionário: 3, Posição Esteira Loja: 36, Cliente: 14
[2025-04-07 13:52:58] VENDA LOJA 0 - ID: 462, Tipo: SUV, Cor: Vermelho, Estação: 0, Funcionário: 1, Posição Esteira Loja: 37, Cliente: 9
[2025-04-07 13:52:59] VENDA LOJA 0 - ID: 465, Tipo: SEDAN, Cor: Vermelho, Estação: 2, Funcionário: 3, Posição Esteira Loja: 38, Cliente: 10
[2025-04-07 13:52:59] VENDA LOJA 0 - ID: 468, Tipo: SUV, Cor: Vermelho, Estação: 3, Funcionário: 3, Posição Esteira Loja: 39, Cliente: 6
[2025-04-07 13:53:00] VENDA LOJA 0 - ID: 472, Tipo: SUV, Cor: Verde, Estação: 1, Funcionário: 3, Posição Esteira Loja: 0, Cliente: 8
[2025-04-07 13:53:01] VENDA LOJA 0 - ID: 475, Tipo: SEDAN, Cor: Verde, Estação: 0, Funcionário: 0, Posição Esteira Loja: 1, Cliente: 4
[2025-04-07 13:53:02] VENDA LOJA 0 - ID: 477, Tipo: SEDAN, Cor: Vermelho, Estação: 3, Funcionário: 4, Posição Esteira Loja: 2, Cliente: 11
[2025-04-07 13:53:02] VENDA LOJA 0 - ID: 480, Tipo: SUV, Cor: Vermelho, Estação: 2, Funcionário: 4, Posição Esteira Loja: 3, Cliente: 14
[2025-04-07 13:53:03] VENDA LOJA 0 - ID: 483, Tipo: SEDAN, Cor: Vermelho, Estação: 1, Funcionário: 2, Posição Esteira Loja: 4, Cliente: 3
[2025-04-07 13:53:04] VENDA LOJA 0 - ID: 486, Tipo: SUV, Cor: Vermelho, Estação: 0, Funcionário: 4, Posição Esteira Loja: 5, Cliente: 5
[2025-04-07 13:53:04] VENDA LOJA 0 - ID: 489, Tipo: SEDAN, Cor: Vermelho, Estação: 2, Funcionário: 0, Posição Esteira Loja: 6, Cliente: 2
[2025-04-07 13:53:05] VENDA LOJA 0 - ID: 491, Tipo: SEDAN, Cor: Azul, Estação: 1, Funcionário: 3, Posição Esteira Loja: 7, Cliente: 19
[2025-04-07 13:53:06] VENDA LOJA 0 - ID: 495, Tipo: SEDAN, Cor: Vermelho, Estação: 1, Funcionário: 1, Posição Esteira Loja: 8, Cliente: 1
[2025-04-07 13:53:07] VENDA LOJA 0 - ID: 497, Tipo: SEDAN, Cor: Azul, Estação: 2, Funcionário: 4, Posição Esteira Loja: 9, Cliente: 7
